TN:
SF:src/browser-errors.ts
FN:39,(anonymous_0)
FN:44,(anonymous_1)
FN:54,(anonymous_2)
FN:69,(anonymous_3)
FN:73,(anonymous_4)
FN:81,(anonymous_5)
FN:86,(anonymous_6)
FN:104,(anonymous_7)
FN:106,(anonymous_8)
FN:123,(anonymous_9)
FN:129,(anonymous_10)
FN:144,(anonymous_11)
FN:149,(anonymous_12)
FN:201,(anonymous_13)
FN:232,(anonymous_14)
FN:279,(anonymous_15)
FN:299,(anonymous_16)
FN:304,(anonymous_17)
FNF:18
FNH:18
FNDA:13,(anonymous_0)
FNDA:14,(anonymous_1)
FNDA:7,(anonymous_2)
FNDA:2,(anonymous_3)
FNDA:1,(anonymous_4)
FNDA:2,(anonymous_5)
FNDA:12,(anonymous_6)
FNDA:2,(anonymous_7)
FNDA:1,(anonymous_8)
FNDA:2,(anonymous_9)
FNDA:2,(anonymous_10)
FNDA:11,(anonymous_11)
FNDA:11,(anonymous_12)
FNDA:3,(anonymous_13)
FNDA:1,(anonymous_14)
FNDA:7,(anonymous_15)
FNDA:4,(anonymous_16)
FNDA:29,(anonymous_17)
DA:35,13
DA:37,13
DA:40,13
DA:45,14
DA:46,1
DA:49,14
DA:50,14
DA:51,14
DA:53,14
DA:54,7
DA:55,7
DA:57,7
DA:59,7
DA:60,5
DA:68,7
DA:69,7
DA:72,14
DA:73,7
DA:74,1
DA:80,7
DA:81,7
DA:84,14
DA:85,10
DA:86,10
DA:92,12
DA:93,12
DA:94,10
DA:103,10
DA:104,10
DA:106,10
DA:111,1
DA:112,1
DA:113,1
DA:122,10
DA:123,10
DA:126,14
DA:130,2
DA:131,1
DA:132,4
DA:133,1
DA:134,1
DA:137,1
DA:138,4
DA:140,1
DA:145,11
DA:146,11
DA:147,11
DA:149,11
DA:156,11
DA:157,11
DA:158,11
DA:165,11
DA:174,11
DA:175,11
DA:176,5
DA:177,5
DA:178,5
DA:179,5
DA:182,11
DA:183,3
DA:184,3
DA:188,0
DA:190,3
DA:202,3
DA:214,11
DA:215,1
DA:219,0
DA:221,1
DA:233,1
DA:245,11
DA:246,11
DA:247,10
DA:248,10
DA:249,10
DA:250,10
DA:253,11
DA:254,8
DA:255,8
DA:259,1
DA:261,7
DA:263,8
DA:264,8
DA:266,0
DA:268,7
DA:280,7
DA:292,11
DA:293,11
DA:294,11
DA:296,11
DA:300,4
DA:301,4
DA:305,29
DA:306,29
DA:307,14
DA:312,14
DA:314,29
LF:96
LH:93
BRDA:44,0,0,14
BRDA:45,1,0,1
BRDA:45,1,1,13
BRDA:51,2,0,14
BRDA:51,2,1,14
BRDA:53,3,0,7
BRDA:53,3,1,7
BRDA:53,4,0,14
BRDA:53,4,1,7
BRDA:57,5,0,7
BRDA:57,5,1,4
BRDA:57,5,2,3
BRDA:57,5,3,2
BRDA:59,6,0,5
BRDA:59,6,1,2
BRDA:72,7,0,7
BRDA:72,7,1,7
BRDA:84,8,0,10
BRDA:84,8,1,4
BRDA:93,9,0,10
BRDA:93,9,1,2
BRDA:112,10,0,1
BRDA:112,10,1,0
BRDA:130,11,0,1
BRDA:130,11,1,1
BRDA:131,12,0,1
BRDA:131,12,1,0
BRDA:144,13,0,11
BRDA:177,14,0,5
BRDA:177,14,1,3
BRDA:184,15,0,0
BRDA:184,15,1,3
BRDA:185,16,0,3
BRDA:185,16,1,0
BRDA:196,17,0,2
BRDA:196,17,1,1
BRDA:206,18,0,2
BRDA:206,18,1,1
BRDA:215,19,0,0
BRDA:215,19,1,1
BRDA:216,20,0,1
BRDA:216,20,1,0
BRDA:248,21,0,10
BRDA:248,21,1,8
BRDA:255,22,0,1
BRDA:255,22,1,7
BRDA:256,23,0,8
BRDA:256,23,1,2
BRDA:261,24,0,1
BRDA:261,24,1,6
BRDA:274,25,0,4
BRDA:274,25,1,3
BRDA:284,26,0,5
BRDA:284,26,1,2
BRDA:284,27,0,7
BRDA:284,27,1,6
BRDA:299,28,0,4
BRDA:306,29,0,14
BRDA:306,29,1,15
BRF:59
BRH:53
end_of_record
TN:
SF:src/checkpoint.ts
FN:221,saveCheckpoint
FN:243,(anonymous_1)
FN:256,loadCheckpoint
FN:271,hydrateFromCheckpoint
FN:294,(anonymous_4)
FNF:5
FNH:5
FNDA:4,saveCheckpoint
FNDA:2,(anonymous_1)
FNDA:5,loadCheckpoint
FNDA:2,hydrateFromCheckpoint
FNDA:3,(anonymous_4)
DA:12,3
DA:14,3
DA:22,3
DA:23,3
DA:24,3
DA:25,3
DA:37,3
DA:38,3
DA:39,3
DA:51,3
DA:52,3
DA:59,3
DA:60,3
DA:70,3
DA:87,3
DA:97,3
DA:111,3
DA:121,3
DA:135,3
DA:142,3
DA:148,3
DA:161,3
DA:178,3
DA:188,3
DA:200,3
DA:234,4
DA:243,2
DA:252,4
DA:253,4
DA:257,5
DA:258,5
DA:260,4
DA:262,4
DA:263,4
DA:265,1
DA:267,3
DA:285,2
DA:286,2
DA:289,2
DA:290,0
DA:294,3
DA:295,2
DA:298,2
DA:299,1
DA:303,2
DA:304,2
DA:305,1
DA:308,2
DA:309,2
DA:310,0
DA:313,2
DA:314,2
DA:315,1
DA:318,2
LF:54
LH:52
BRDA:243,0,0,4
BRDA:243,0,1,3
BRDA:258,1,0,1
BRDA:258,1,1,4
BRDA:314,2,0,2
BRDA:314,2,1,0
BRDA:324,3,0,2
BRDA:324,3,1,0
BRF:8
BRH:6
end_of_record
TN:
SF:src/cli.ts
FN:97,(anonymous_0)
FN:100,(anonymous_1)
FN:105,buildHelpText
FN:113,parseCliArgs
FN:264,runCli
FN:315,runSetupCommand
FN:324,(anonymous_6)
FN:325,(anonymous_7)
FN:326,(anonymous_8)
FN:329,(anonymous_9)
FN:330,(anonymous_10)
FN:332,(anonymous_11)
FN:339,(anonymous_12)
FN:340,(anonymous_13)
FN:342,(anonymous_14)
FN:345,(anonymous_15)
FN:365,runRunCommand
FN:404,(anonymous_17)
FN:416,attachCliListeners
FN:420,(anonymous_19)
FN:424,(anonymous_20)
FN:432,(anonymous_21)
FN:436,(anonymous_22)
FN:440,(anonymous_23)
FN:447,(anonymous_24)
FNF:25
FNH:11
FNDA:0,(anonymous_0)
FNDA:0,(anonymous_1)
FNDA:2,buildHelpText
FNDA:28,parseCliArgs
FNDA:7,runCli
FNDA:0,runSetupCommand
FNDA:0,(anonymous_6)
FNDA:0,(anonymous_7)
FNDA:0,(anonymous_8)
FNDA:0,(anonymous_9)
FNDA:0,(anonymous_10)
FNDA:0,(anonymous_11)
FNDA:0,(anonymous_12)
FNDA:0,(anonymous_13)
FNDA:0,(anonymous_14)
FNDA:0,(anonymous_15)
FNDA:5,runRunCommand
FNDA:0,(anonymous_17)
FNDA:11,attachCliListeners
FNDA:1,(anonymous_19)
FNDA:2,(anonymous_20)
FNDA:1,(anonymous_21)
FNDA:1,(anonymous_22)
FNDA:1,(anonymous_23)
FNDA:1,(anonymous_24)
DA:53,1
DA:94,1
DA:98,0
DA:101,0
DA:106,2
DA:109,1
DA:110,1
DA:111,1
DA:114,28
DA:118,28
DA:127,28
DA:130,28
DA:131,17
DA:132,17
DA:135,28
DA:136,34
DA:138,34
DA:139,3
DA:146,31
DA:147,2
DA:148,2
DA:151,29
DA:152,2
DA:153,2
DA:156,27
DA:157,1
DA:158,1
DA:161,26
DA:162,6
DA:163,6
DA:164,6
DA:165,6
DA:166,6
DA:169,20
DA:170,4
DA:171,4
DA:172,4
DA:173,4
DA:174,4
DA:177,16
DA:178,3
DA:179,3
DA:180,2
DA:181,2
DA:182,2
DA:185,13
DA:186,2
DA:187,2
DA:188,2
DA:189,1
DA:191,1
DA:192,1
DA:193,1
DA:196,11
DA:197,2
DA:198,2
DA:199,2
DA:200,1
DA:202,1
DA:203,1
DA:204,1
DA:207,9
DA:208,2
DA:209,2
DA:210,2
DA:211,1
DA:213,1
DA:214,1
DA:215,1
DA:218,7
DA:219,0
DA:220,0
DA:221,0
DA:222,0
DA:223,0
DA:226,7
DA:227,0
DA:228,0
DA:229,0
DA:230,0
DA:231,0
DA:234,7
DA:235,0
DA:239,7
DA:240,7
DA:241,7
DA:244,0
DA:247,21
DA:269,7
DA:271,7
DA:272,7
DA:274,7
DA:275,1
DA:276,1
DA:280,6
DA:282,0
DA:283,0
DA:286,1
DA:289,0
DA:299,0
DA:302,5
DA:305,0
DA:306,0
DA:309,1
DA:310,1
DA:311,1
DA:316,0
DA:317,0
DA:319,0
DA:324,0
DA:325,0
DA:326,0
DA:329,0
DA:330,0
DA:331,0
DA:332,0
DA:333,0
DA:334,0
DA:335,0
DA:339,0
DA:340,0
DA:341,0
DA:342,0
DA:343,0
DA:345,0
DA:346,0
DA:347,0
DA:351,0
DA:352,0
DA:361,0
DA:371,5
DA:373,2
DA:380,2
DA:383,3
DA:386,4
DA:390,4
DA:391,0
DA:392,0
DA:394,4
DA:397,4
DA:403,4
DA:404,0
DA:405,0
DA:406,0
DA:409,4
DA:420,11
DA:421,1
DA:424,11
DA:426,2
DA:429,2
DA:432,11
DA:433,1
DA:436,11
DA:437,1
DA:440,11
DA:441,1
DA:442,1
DA:447,11
DA:448,1
DA:453,1
DA:455,1
DA:456,0
DA:457,0
DA:458,0
LF:164
LH:112
BRDA:130,0,0,17
BRDA:130,0,1,11
BRDA:130,1,0,28
BRDA:130,1,1,27
BRDA:138,2,0,3
BRDA:138,2,1,31
BRDA:138,3,0,34
BRDA:138,3,1,32
BRDA:146,4,0,2
BRDA:146,4,1,29
BRDA:151,5,0,2
BRDA:151,5,1,27
BRDA:156,6,0,1
BRDA:156,6,1,26
BRDA:161,7,0,6
BRDA:161,7,1,20
BRDA:163,8,0,0
BRDA:163,8,1,6
BRDA:169,9,0,4
BRDA:169,9,1,16
BRDA:171,10,0,0
BRDA:171,10,1,4
BRDA:177,11,0,3
BRDA:177,11,1,13
BRDA:179,12,0,1
BRDA:179,12,1,2
BRDA:185,13,0,2
BRDA:185,13,1,11
BRDA:187,14,0,0
BRDA:187,14,1,2
BRDA:188,15,0,1
BRDA:188,15,1,1
BRDA:196,16,0,2
BRDA:196,16,1,9
BRDA:198,17,0,0
BRDA:198,17,1,2
BRDA:199,18,0,1
BRDA:199,18,1,1
BRDA:207,19,0,2
BRDA:207,19,1,7
BRDA:209,20,0,0
BRDA:209,20,1,2
BRDA:210,21,0,1
BRDA:210,21,1,1
BRDA:210,22,0,2
BRDA:210,22,1,2
BRDA:218,23,0,0
BRDA:218,23,1,7
BRDA:220,24,0,0
BRDA:220,24,1,0
BRDA:226,25,0,0
BRDA:226,25,1,7
BRDA:228,26,0,0
BRDA:228,26,1,0
BRDA:234,27,0,0
BRDA:234,27,1,7
BRDA:239,28,0,7
BRDA:239,28,1,0
BRDA:239,29,0,7
BRDA:239,29,1,7
BRDA:265,30,0,7
BRDA:266,31,0,7
BRDA:274,32,0,1
BRDA:274,32,1,6
BRDA:280,33,0,6
BRDA:280,33,1,1
BRDA:280,33,2,0
BRDA:280,33,3,0
BRDA:280,33,4,5
BRDA:280,33,5,0
BRDA:291,34,0,0
BRDA:291,34,1,0
BRDA:309,35,0,1
BRDA:309,35,1,0
BRDA:329,36,0,0
BRDA:331,37,0,0
BRDA:331,37,1,0
BRDA:334,38,0,0
BRDA:334,38,1,0
BRDA:335,39,0,0
BRDA:335,39,1,0
BRDA:347,40,0,0
BRDA:347,40,1,0
BRDA:371,41,0,2
BRDA:371,41,1,3
BRDA:371,42,0,5
BRDA:371,42,1,2
BRDA:390,43,0,0
BRDA:390,43,1,4
BRDA:403,44,0,0
BRDA:403,44,1,4
BRDA:426,45,0,1
BRDA:426,45,1,1
BRDA:453,46,0,1
BRDA:453,46,1,1
BRDA:455,47,0,0
BRDA:455,47,1,1
BRDA:457,48,0,0
BRDA:457,48,1,0
BRF:99
BRH:66
end_of_record
TN:
SF:src/config-inline.ts
FN:32,detectProvider
FN:39,buildSmokePreset
FN:57,buildThoroughPreset
FN:79,buildConfigFromArgs
FNF:4
FNH:4
FNDA:9,detectProvider
FNDA:1,buildSmokePreset
FNDA:1,buildThoroughPreset
FNDA:11,buildConfigFromArgs
DA:17,2
DA:33,9
DA:34,9
DA:35,9
DA:36,9
DA:40,1
DA:58,1
DA:80,11
DA:81,11
DA:83,11
DA:110,11
DA:111,1
DA:112,10
DA:113,1
DA:116,11
DA:118,11
DA:119,11
LF:17
LH:17
BRDA:33,0,0,0
BRDA:33,0,1,9
BRDA:34,1,0,0
BRDA:34,1,1,9
BRDA:35,2,0,0
BRDA:35,2,1,9
BRDA:80,3,0,11
BRDA:80,3,1,9
BRDA:81,4,0,11
BRDA:81,4,1,0
BRDA:85,5,0,11
BRDA:85,5,1,10
BRDA:86,6,0,2
BRDA:86,6,1,9
BRDA:101,7,0,11
BRDA:101,7,1,10
BRDA:110,8,0,1
BRDA:110,8,1,10
BRDA:112,9,0,1
BRDA:112,9,1,9
BRF:20
BRH:16
end_of_record
TN:
SF:src/config-paths.ts
FN:21,getConfigFileContext
FN:29,resolveFromConfigDir
FN:33,normalizeConfigPaths
FN:45,(anonymous_3)
FN:93,resolveResumeDir
FNF:5
FNH:5
FNDA:12,getConfigFileContext
FNDA:73,resolveFromConfigDir
FNDA:20,normalizeConfigPaths
FNDA:4,(anonymous_3)
FNDA:8,resolveResumeDir
DA:22,12
DA:23,12
DA:30,73
DA:38,20
DA:45,20
DA:47,4
DA:49,4
DA:62,20
DA:97,8
DA:98,4
DA:99,4
LF:11
LH:11
BRDA:22,0,0,12
BRDA:22,0,1,0
BRDA:38,1,0,5
BRDA:38,1,1,15
BRDA:38,2,0,20
BRDA:38,2,1,16
BRDA:45,3,0,4
BRDA:45,3,1,16
BRDA:47,4,0,4
BRDA:47,4,1,0
BRDA:52,5,0,4
BRDA:52,5,1,0
BRDA:55,6,0,4
BRDA:55,6,1,0
BRDA:78,7,0,4
BRDA:78,7,1,16
BRDA:81,8,0,4
BRDA:81,8,1,0
BRDA:97,9,0,4
BRDA:97,9,1,4
BRDA:98,10,0,0
BRDA:98,10,1,4
BRF:22
BRH:16
end_of_record
TN:
SF:src/config.ts
FN:482,interpolateEnvVars
FN:484,(anonymous_1)
FN:499,(anonymous_2)
FN:505,loadConfig
FN:525,resolveWorkerModel
FN:534,resolveBrowserOpsModel
FN:538,resolveAgentMode
FNF:7
FNH:7
FNDA:153,interpolateEnvVars
FNDA:1,(anonymous_1)
FNDA:133,(anonymous_2)
FNDA:10,loadConfig
FNDA:4,resolveWorkerModel
FNDA:7,resolveBrowserOpsModel
FNDA:4,resolveAgentMode
DA:14,7
DA:81,7
DA:90,7
DA:92,7
DA:101,7
DA:116,7
DA:128,7
DA:140,7
DA:152,7
DA:170,7
DA:194,7
DA:211,7
DA:232,7
DA:248,7
DA:264,7
DA:274,7
DA:283,7
DA:308,7
DA:323,7
DA:331,7
DA:339,7
DA:348,7
DA:357,7
DA:368,7
DA:385,7
DA:411,7
DA:421,7
DA:439,7
DA:483,153
DA:484,91
DA:485,1
DA:486,1
DA:487,0
DA:491,1
DA:494,62
DA:495,6
DA:497,56
DA:498,45
DA:499,133
DA:502,11
DA:506,10
DA:508,10
DA:509,10
DA:511,0
DA:515,10
DA:516,10
DA:518,0
DA:521,10
DA:522,10
DA:526,4
DA:527,4
DA:528,1
DA:529,1
DA:531,3
DA:535,7
DA:539,4
DA:540,4
DA:541,1
DA:542,1
DA:544,3
LF:60
LH:57
BRDA:483,0,0,91
BRDA:483,0,1,62
BRDA:486,1,0,0
BRDA:486,1,1,1
BRDA:494,2,0,6
BRDA:494,2,1,56
BRDA:497,3,0,45
BRDA:497,3,1,11
BRDA:497,4,0,56
BRDA:497,4,1,56
BRDA:527,5,0,1
BRDA:527,5,1,3
BRDA:529,6,0,1
BRDA:529,6,1,0
BRDA:535,7,0,7
BRDA:535,7,1,6
BRDA:540,8,0,1
BRDA:540,8,1,3
BRDA:542,9,0,1
BRDA:542,9,1,0
BRF:20
BRH:17
end_of_record
TN:
SF:src/constants.ts
FN:7,shortId
FNF:1
FNH:1
FNDA:329,shortId
DA:8,329
DA:12,35
DA:15,35
DA:18,35
DA:21,35
DA:24,35
DA:27,35
DA:30,35
DA:33,35
DA:36,35
DA:39,35
DA:42,35
DA:45,35
DA:48,35
DA:51,35
DA:54,35
DA:57,35
DA:60,35
DA:63,35
DA:66,35
DA:69,35
DA:72,35
DA:75,35
DA:78,35
DA:81,35
DA:84,35
LF:26
LH:26
BRF:0
BRH:0
end_of_record
TN:
SF:src/engine.ts
FN:63,resolveBudget
FN:73,buildMission
FN:94,handleNavFailure
FN:115,loadRepoHints
FN:138,loadContractIndex
FN:153,loadDiffContext
FN:171,processTaskBatch
FN:183,(anonymous_7)
FN:226,runEngine
FN:321,(anonymous_9)
FN:340,(anonymous_10)
FN:455,(anonymous_11)
FN:483,(anonymous_12)
FN:601,(anonymous_13)
FN:663,(anonymous_14)
FNF:15
FNH:7
FNDA:1,resolveBudget
FNDA:1,buildMission
FNDA:0,handleNavFailure
FNDA:1,loadRepoHints
FNDA:1,loadContractIndex
FNDA:1,loadDiffContext
FNDA:0,processTaskBatch
FNDA:0,(anonymous_7)
FNDA:1,runEngine
FNDA:0,(anonymous_9)
FNDA:1,(anonymous_10)
FNDA:0,(anonymous_11)
FNDA:0,(anonymous_12)
FNDA:0,(anonymous_13)
FNDA:0,(anonymous_14)
DA:64,1
DA:74,1
DA:75,1
DA:76,0
DA:78,1
DA:79,0
DA:83,1
DA:85,1
DA:86,0
DA:95,0
DA:96,0
DA:97,0
DA:98,0
DA:105,0
DA:116,1
DA:118,0
DA:120,1
DA:127,1
DA:135,1
DA:142,1
DA:143,1
DA:144,0
DA:146,1
DA:147,0
DA:150,1
DA:158,1
DA:159,1
DA:161,1
DA:164,0
DA:165,1
DA:167,1
DA:176,0
DA:181,0
DA:183,0
DA:184,0
DA:185,0
DA:186,0
DA:188,0
DA:196,0
DA:205,0
DA:206,0
DA:209,0
DA:215,0
DA:230,1
DA:231,1
DA:232,1
DA:235,1
DA:236,1
DA:238,1
DA:239,1
DA:241,1
DA:242,1
DA:243,1
DA:244,1
DA:245,1
DA:246,1
DA:247,1
DA:248,1
DA:249,1
DA:250,1
DA:251,1
DA:252,1
DA:255,1
DA:256,0
DA:261,1
DA:262,0
DA:268,1
DA:275,1
DA:278,1
DA:279,1
DA:280,1
DA:281,1
DA:283,1
DA:287,1
DA:291,1
DA:292,1
DA:294,1
DA:322,0
DA:327,1
DA:337,1
DA:338,1
DA:339,1
DA:340,1
DA:344,0
DA:345,0
DA:346,0
DA:347,0
DA:349,1
DA:350,0
DA:354,0
DA:361,0
DA:362,0
DA:366,0
DA:367,0
DA:368,0
DA:369,0
DA:370,0
DA:376,0
DA:377,0
DA:378,0
DA:379,0
DA:380,0
DA:381,0
DA:382,0
DA:388,0
DA:394,0
DA:395,0
DA:396,0
DA:405,0
DA:406,0
DA:407,0
DA:414,0
DA:415,0
DA:416,0
DA:417,0
DA:418,0
DA:425,0
DA:426,0
DA:430,0
DA:431,0
DA:442,0
DA:451,0
DA:452,0
DA:453,0
DA:455,0
DA:456,0
DA:457,0
DA:458,0
DA:477,0
DA:478,0
DA:483,0
DA:484,1
DA:485,0
DA:489,0
DA:490,0
DA:491,0
DA:492,0
DA:494,0
DA:495,0
DA:496,0
DA:497,0
DA:498,0
DA:502,0
DA:503,0
DA:504,0
DA:505,0
DA:508,0
DA:509,0
DA:510,0
DA:511,0
DA:513,0
DA:516,0
DA:518,0
DA:521,0
DA:522,0
DA:523,0
DA:525,0
DA:528,0
DA:531,0
DA:533,0
DA:543,0
DA:544,0
DA:552,0
DA:554,0
DA:555,0
DA:557,0
DA:558,0
DA:559,0
DA:560,0
DA:563,0
DA:566,0
DA:567,0
DA:568,0
DA:578,0
DA:579,0
DA:591,0
DA:592,0
DA:593,0
DA:600,0
DA:601,0
DA:602,0
DA:603,0
DA:605,0
DA:607,0
DA:612,0
DA:613,0
DA:614,0
DA:615,0
DA:619,0
DA:622,1
DA:623,1
DA:624,0
DA:633,0
DA:634,0
DA:652,0
DA:653,0
DA:654,0
DA:655,0
DA:656,0
DA:657,0
DA:659,0
DA:662,0
DA:663,0
DA:664,0
DA:668,0
DA:677,1
DA:678,1
DA:679,1
DA:680,1
DA:682,1
DA:683,1
DA:684,1
DA:685,1
DA:686,1
LF:214
LH:69
BRDA:65,0,0,1
BRDA:65,0,1,1
BRDA:66,1,0,1
BRDA:66,1,1,1
BRDA:67,2,0,1
BRDA:67,2,1,1
BRDA:68,3,0,1
BRDA:68,3,1,1
BRDA:75,4,0,0
BRDA:75,4,1,1
BRDA:78,5,0,0
BRDA:78,5,1,1
BRDA:83,6,0,1
BRDA:83,6,1,1
BRDA:83,7,0,0
BRDA:83,7,1,1
BRDA:85,8,0,1
BRDA:85,8,1,0
BRDA:85,9,0,1
BRDA:85,9,1,1
BRDA:89,10,0,0
BRDA:89,10,1,0
BRDA:94,11,0,0
BRDA:97,12,0,0
BRDA:97,12,1,0
BRDA:116,13,0,1
BRDA:116,13,1,0
BRDA:118,14,0,0
BRDA:118,14,1,0
BRDA:121,15,0,1
BRDA:121,15,1,0
BRDA:127,16,0,1
BRDA:127,16,1,0
BRDA:127,16,2,0
BRDA:127,16,3,0
BRDA:127,16,4,0
BRDA:127,16,5,0
BRDA:127,16,6,0
BRDA:135,17,0,0
BRDA:135,17,1,0
BRDA:143,18,0,0
BRDA:143,18,1,1
BRDA:146,19,0,0
BRDA:146,19,1,1
BRDA:150,20,0,0
BRDA:150,20,1,1
BRDA:158,21,0,1
BRDA:158,21,1,1
BRDA:159,22,0,0
BRDA:159,22,1,1
BRDA:161,23,0,1
BRDA:161,23,1,0
BRDA:161,24,0,1
BRDA:161,24,1,0
BRDA:164,25,0,0
BRDA:164,25,1,0
BRDA:165,26,0,1
BRDA:165,26,1,0
BRDA:205,27,0,0
BRDA:205,27,1,0
BRDA:206,28,0,0
BRDA:206,28,1,0
BRDA:228,29,0,1
BRDA:232,30,0,1
BRDA:232,30,1,1
BRDA:250,31,0,0
BRDA:250,31,1,1
BRDA:255,32,0,0
BRDA:255,32,1,1
BRDA:261,33,0,0
BRDA:261,33,1,1
BRDA:288,34,0,0
BRDA:288,34,1,1
BRDA:288,35,0,1
BRDA:288,35,1,0
BRDA:349,36,0,0
BRDA:349,36,1,1
BRDA:367,37,0,0
BRDA:367,37,1,0
BRDA:369,38,0,0
BRDA:369,38,1,0
BRDA:388,39,0,0
BRDA:388,39,1,0
BRDA:389,40,0,0
BRDA:389,40,1,0
BRDA:389,40,2,0
BRDA:389,40,3,0
BRDA:395,41,0,0
BRDA:395,41,1,0
BRDA:414,42,0,0
BRDA:414,42,1,0
BRDA:430,43,0,0
BRDA:430,43,1,0
BRDA:453,44,0,0
BRDA:453,44,1,0
BRDA:455,45,0,0
BRDA:455,45,1,0
BRDA:456,46,0,0
BRDA:456,46,1,0
BRDA:458,47,0,0
BRDA:458,47,1,0
BRDA:483,48,0,0
BRDA:483,48,1,0
BRDA:484,49,0,0
BRDA:484,49,1,1
BRDA:496,50,0,0
BRDA:496,50,1,0
BRDA:503,51,0,0
BRDA:503,51,1,0
BRDA:505,52,0,0
BRDA:505,52,1,0
BRDA:508,53,0,0
BRDA:508,53,1,0
BRDA:516,54,0,0
BRDA:516,54,1,0
BRDA:523,55,0,0
BRDA:523,55,1,0
BRDA:528,56,0,0
BRDA:528,56,1,0
BRDA:578,57,0,0
BRDA:578,57,1,0
BRDA:578,58,0,0
BRDA:578,58,1,0
BRDA:602,59,0,0
BRDA:602,59,1,0
BRDA:612,60,0,0
BRDA:612,60,1,0
BRDA:619,61,0,0
BRDA:619,61,1,0
BRDA:628,62,0,0
BRDA:628,62,1,0
BRDA:633,63,0,0
BRDA:633,63,1,0
BRDA:653,64,0,0
BRDA:653,64,1,0
BRDA:677,65,0,1
BRDA:677,65,1,0
BRF:137
BRH:39
end_of_record
TN:
SF:src/env.ts
FN:12,parseDotenv
FN:54,loadDotenv
FNF:2
FNH:2
FNDA:11,parseDotenv
FNDA:10,loadDotenv
DA:13,11
DA:15,11
DA:16,21
DA:17,21
DA:20,14
DA:22,21
DA:23,21
DA:25,13
DA:26,13
DA:29,13
DA:33,3
DA:36,10
DA:37,10
DA:38,1
DA:42,13
DA:45,11
DA:55,10
DA:56,10
DA:59,2
DA:60,2
DA:62,0
DA:65,2
DA:66,2
DA:67,2
DA:68,2
DA:69,1
DA:70,1
DA:73,2
LF:28
LH:27
BRDA:17,0,0,7
BRDA:17,0,1,14
BRDA:17,1,0,21
BRDA:17,1,1,16
BRDA:20,2,0,1
BRDA:20,2,1,13
BRDA:23,3,0,1
BRDA:23,3,1,20
BRDA:29,4,0,3
BRDA:29,4,1,10
BRDA:30,5,0,13
BRDA:30,5,1,2
BRDA:30,5,2,11
BRDA:30,5,3,1
BRDA:37,6,0,1
BRDA:37,6,1,9
BRDA:55,7,0,10
BRDA:55,7,1,7
BRDA:56,8,0,8
BRDA:56,8,1,2
BRDA:68,9,0,1
BRDA:68,9,1,1
BRF:22
BRH:22
end_of_record
TN:
SF:src/index.ts
FNF:0
FNH:0
LF:0
LH:0
BRF:0
BRH:0
end_of_record
TN:
SF:src/llm.ts
FN:16,detectProvider
FN:23,stripProvider
FN:28,hasLLMApiKey
FN:54,(anonymous_3)
FN:55,(anonymous_4)
FN:60,(anonymous_5)
FN:65,(anonymous_6)
FN:66,(anonymous_7)
FN:68,(anonymous_8)
FN:70,(anonymous_9)
FN:71,(anonymous_10)
FN:77,(anonymous_11)
FN:78,(anonymous_12)
FN:79,(anonymous_13)
FN:84,(anonymous_14)
FN:87,(anonymous_15)
FN:94,(anonymous_16)
FN:96,(anonymous_17)
FN:97,(anonymous_18)
FN:99,(anonymous_19)
FN:105,(anonymous_20)
FN:109,(anonymous_21)
FN:110,(anonymous_22)
FN:115,redactApiKey
FN:119,callLLM
FN:133,(anonymous_25)
FN:148,(anonymous_26)
FN:157,proposeLLMTasks
FN:238,judgeObservationWithLLM
FNF:29
FNH:23
FNDA:26,detectProvider
FNDA:11,stripProvider
FNDA:14,hasLLMApiKey
FNDA:10,(anonymous_3)
FNDA:10,(anonymous_4)
FNDA:10,(anonymous_5)
FNDA:10,(anonymous_6)
FNDA:10,(anonymous_7)
FNDA:8,(anonymous_8)
FNDA:8,(anonymous_9)
FNDA:8,(anonymous_10)
FNDA:0,(anonymous_11)
FNDA:0,(anonymous_12)
FNDA:0,(anonymous_13)
FNDA:0,(anonymous_14)
FNDA:0,(anonymous_15)
FNDA:1,(anonymous_16)
FNDA:1,(anonymous_17)
FNDA:1,(anonymous_18)
FNDA:1,(anonymous_19)
FNDA:1,(anonymous_20)
FNDA:1,(anonymous_21)
FNDA:1,(anonymous_22)
FNDA:1,redactApiKey
FNDA:12,callLLM
FNDA:1,(anonymous_25)
FNDA:0,(anonymous_26)
FNDA:11,proposeLLMTasks
FNDA:1,judgeObservationWithLLM
DA:17,26
DA:18,26
DA:19,23
DA:20,20
DA:24,11
DA:25,11
DA:29,14
DA:30,0
DA:37,14
DA:38,14
DA:50,7
DA:54,10
DA:55,10
DA:60,10
DA:65,10
DA:66,10
DA:69,8
DA:70,8
DA:71,8
DA:77,0
DA:78,0
DA:79,0
DA:84,0
DA:88,0
DA:95,1
DA:96,1
DA:97,1
DA:99,1
DA:107,1
DA:109,1
DA:110,1
DA:116,1
DA:126,12
DA:127,12
DA:128,12
DA:129,12
DA:131,11
DA:132,11
DA:133,11
DA:136,11
DA:137,11
DA:144,11
DA:147,10
DA:148,1
DA:149,1
DA:154,9
DA:164,11
DA:176,11
DA:178,11
DA:188,11
DA:189,11
DA:198,8
DA:199,8
DA:200,11
DA:202,11
DA:205,7
DA:206,7
DA:207,10
DA:214,10
DA:215,10
DA:216,10
DA:221,9
DA:231,7
DA:234,4
DA:243,1
DA:253,1
DA:257,1
DA:264,1
DA:265,1
DA:269,1
DA:270,1
DA:274,0
DA:277,1
LF:73
LH:66
BRDA:18,0,0,3
BRDA:18,0,1,23
BRDA:19,1,0,3
BRDA:19,1,1,20
BRDA:25,2,0,11
BRDA:25,2,1,0
BRDA:29,3,0,0
BRDA:29,3,1,14
BRDA:31,4,0,0
BRDA:31,4,1,0
BRDA:31,4,2,0
BRDA:69,5,0,8
BRDA:69,5,1,0
BRDA:77,6,0,0
BRDA:77,6,1,0
BRDA:88,7,0,0
BRDA:88,7,1,0
BRDA:100,8,0,0
BRDA:100,8,1,1
BRDA:107,9,0,1
BRDA:107,9,1,0
BRDA:123,10,0,12
BRDA:124,11,0,12
BRDA:129,12,0,1
BRDA:129,12,1,11
BRDA:147,13,0,1
BRDA:147,13,1,9
BRDA:162,14,0,11
BRDA:199,15,0,1
BRDA:199,15,1,7
BRDA:202,16,0,0
BRDA:202,16,1,11
BRDA:207,17,0,10
BRDA:207,17,1,0
BRDA:208,18,0,10
BRDA:208,18,1,10
BRDA:208,18,2,10
BRDA:208,18,3,10
BRDA:208,18,4,10
BRDA:216,19,0,9
BRDA:216,19,1,1
BRDA:217,20,0,10
BRDA:217,20,1,9
BRDA:217,20,2,9
BRDA:225,21,0,9
BRDA:225,21,1,0
BRDA:231,22,0,7
BRDA:231,22,1,0
BRDA:241,23,0,1
BRDA:265,24,0,0
BRDA:265,24,1,1
BRDA:279,25,0,1
BRDA:279,25,1,0
BRDA:283,26,0,1
BRDA:283,26,1,0
BRDA:286,27,0,1
BRDA:286,27,1,0
BRDA:289,28,0,1
BRDA:289,28,1,0
BRDA:292,29,0,1
BRDA:292,29,1,0
BRF:61
BRH:39
end_of_record
TN:
SF:src/prompt-safety.ts
FN:7,sanitizeUntrustedPromptContent
FN:11,wrapUntrustedPromptContent
FNF:2
FNH:2
FNDA:41,sanitizeUntrustedPromptContent
FNDA:41,wrapUntrustedPromptContent
DA:5,11
DA:8,41
DA:12,41
DA:13,41
LF:4
LH:4
BRF:0
BRH:0
end_of_record
TN:
SF:src/redaction.ts
FN:13,normalizeSensitiveKey
FN:20,truncateString
FN:24,isSensitiveKey
FN:41,sanitizeHeaders
FN:43,(anonymous_4)
FN:50,stripRedactedHeaders
FN:58,(anonymous_6)
FN:66,redactSensitiveValue
FN:78,(anonymous_8)
FN:83,(anonymous_9)
FN:93,stripRedactedValue
FN:99,(anonymous_11)
FN:99,(anonymous_12)
FN:104,(anonymous_13)
FNF:14
FNH:11
FNDA:35,normalizeSensitiveKey
FNDA:6,truncateString
FNDA:35,isSensitiveKey
FNDA:8,sanitizeHeaders
FNDA:14,(anonymous_4)
FNDA:10,stripRedactedHeaders
FNDA:5,(anonymous_6)
FNDA:9,redactSensitiveValue
FNDA:0,(anonymous_8)
FNDA:8,(anonymous_9)
FNDA:11,stripRedactedValue
FNDA:0,(anonymous_11)
FNDA:0,(anonymous_12)
FNDA:2,(anonymous_13)
DA:10,10
DA:11,10
DA:14,35
DA:21,6
DA:25,35
DA:26,35
DA:42,8
DA:43,14
DA:53,10
DA:54,8
DA:57,2
DA:59,5
DA:63,2
DA:67,9
DA:68,0
DA:71,9
DA:72,2
DA:75,7
DA:76,2
DA:78,0
DA:81,5
DA:82,5
DA:83,8
DA:90,0
DA:94,11
DA:95,0
DA:98,11
DA:99,0
DA:102,11
DA:103,1
DA:105,2
DA:106,1
DA:109,1
DA:110,1
DA:111,0
DA:114,1
DA:119,10
LF:37
LH:31
BRDA:20,0,0,6
BRDA:21,1,0,0
BRDA:21,1,1,6
BRDA:27,2,0,35
BRDA:27,2,1,32
BRDA:27,2,2,31
BRDA:27,2,3,29
BRDA:27,2,4,28
BRDA:27,2,5,28
BRDA:27,2,6,19
BRDA:27,2,7,18
BRDA:27,2,8,16
BRDA:27,2,9,16
BRDA:27,2,10,16
BRDA:45,3,0,10
BRDA:45,3,1,4
BRDA:53,4,0,8
BRDA:53,4,1,2
BRDA:59,5,0,5
BRDA:59,5,1,3
BRDA:63,6,0,2
BRDA:63,6,1,0
BRDA:66,7,0,9
BRDA:67,8,0,0
BRDA:67,8,1,9
BRDA:71,9,0,2
BRDA:71,9,1,7
BRDA:75,10,0,2
BRDA:75,10,1,5
BRDA:81,11,0,5
BRDA:81,11,1,0
BRDA:81,12,0,5
BRDA:81,12,1,5
BRDA:85,13,0,4
BRDA:85,13,1,4
BRDA:94,14,0,0
BRDA:94,14,1,11
BRDA:98,15,0,0
BRDA:98,15,1,11
BRDA:102,16,0,1
BRDA:102,16,1,10
BRDA:102,17,0,11
BRDA:102,17,1,2
BRDA:105,18,0,1
BRDA:105,18,1,1
BRDA:110,19,0,0
BRDA:110,19,1,1
BRF:47
BRH:40
end_of_record
TN:
SF:src/types.ts
FNF:0
FNH:0
DA:13,8
LF:1
LH:1
BRF:0
BRH:0
end_of_record
TN:
SF:src/a2a/agent-cards.ts
FN:134,agentRoleForWorkerType
FN:150,agentCardForWorkerType
FN:157,findCapableAgents
FN:158,(anonymous_3)
FNF:4
FNH:4
FNDA:22,agentRoleForWorkerType
FNDA:3,agentCardForWorkerType
FNDA:3,findCapableAgents
FNDA:15,(anonymous_3)
DA:14,2
DA:16,2
DA:35,2
DA:68,2
DA:88,2
DA:106,2
DA:125,2
DA:135,22
DA:137,8
DA:141,9
DA:143,5
DA:151,3
DA:158,3
DA:159,15
LF:14
LH:14
BRDA:135,0,0,8
BRDA:135,0,1,5
BRDA:135,0,2,7
BRDA:135,0,3,9
BRDA:135,0,4,5
BRF:5
BRH:5
end_of_record
TN:
SF:src/a2a/blackboard.ts
FN:39,(anonymous_0)
FN:44,(anonymous_1)
FN:77,(anonymous_2)
FN:86,(anonymous_3)
FN:96,(anonymous_4)
FN:97,(anonymous_5)
FN:101,(anonymous_6)
FN:102,(anonymous_7)
FN:106,(anonymous_8)
FN:107,(anonymous_9)
FN:111,(anonymous_10)
FN:116,(anonymous_11)
FN:121,(anonymous_12)
FN:125,(anonymous_13)
FN:138,(anonymous_14)
FNF:15
FNH:15
FNDA:32,(anonymous_0)
FNDA:76,(anonymous_1)
FNDA:3,(anonymous_2)
FNDA:1,(anonymous_3)
FNDA:10,(anonymous_4)
FNDA:16,(anonymous_5)
FNDA:1,(anonymous_6)
FNDA:3,(anonymous_7)
FNDA:5,(anonymous_8)
FNDA:13,(anonymous_9)
FNDA:4,(anonymous_10)
FNDA:4,(anonymous_11)
FNDA:3,(anonymous_12)
FNDA:7,(anonymous_13)
FNDA:76,(anonymous_14)
DA:18,3
DA:32,32
DA:33,32
DA:40,32
DA:50,76
DA:58,76
DA:59,76
DA:62,76
DA:63,76
DA:64,3
DA:68,76
DA:69,76
DA:70,3
DA:73,76
DA:81,3
DA:82,3
DA:83,3
DA:86,3
DA:87,1
DA:88,1
DA:89,1
DA:90,1
DA:97,16
DA:102,3
DA:107,13
DA:112,4
DA:117,4
DA:122,3
DA:123,3
DA:125,2
DA:127,7
DA:132,7
DA:135,2
DA:139,76
DA:140,1
LF:35
LH:35
BRDA:39,0,0,32
BRDA:40,1,0,32
BRDA:40,1,1,31
BRDA:48,2,0,76
BRDA:63,3,0,3
BRDA:63,3,1,73
BRDA:69,4,0,3
BRDA:69,4,1,73
BRDA:81,5,0,3
BRDA:81,5,1,3
BRDA:88,6,0,1
BRDA:88,6,1,0
BRDA:90,7,0,1
BRDA:90,7,1,0
BRDA:121,8,0,3
BRDA:123,9,0,1
BRDA:123,9,1,2
BRDA:127,10,0,6
BRDA:127,10,1,1
BRDA:129,11,0,1
BRDA:129,11,1,0
BRDA:139,12,0,1
BRDA:139,12,1,75
BRF:23
BRH:20
end_of_record
TN:
SF:src/a2a/coordinator.ts
FN:40,(anonymous_0)
FN:47,(anonymous_1)
FN:52,(anonymous_2)
FN:63,(anonymous_3)
FN:116,(anonymous_4)
FN:149,(anonymous_5)
FN:183,(anonymous_6)
FN:202,(anonymous_7)
FN:207,(anonymous_8)
FN:208,(anonymous_9)
FN:214,(anonymous_10)
FNF:11
FNH:11
FNDA:15,(anonymous_0)
FNDA:1,(anonymous_1)
FNDA:1,(anonymous_2)
FNDA:9,(anonymous_3)
FNDA:6,(anonymous_4)
FNDA:2,(anonymous_5)
FNDA:3,(anonymous_6)
FNDA:5,(anonymous_7)
FNDA:1,(anonymous_8)
FNDA:3,(anonymous_9)
FNDA:5,(anonymous_10)
DA:37,15
DA:41,15
DA:42,15
DA:43,15
DA:48,1
DA:53,1
DA:64,9
DA:65,9
DA:67,9
DA:87,9
DA:90,9
DA:105,9
DA:110,9
DA:117,6
DA:118,6
DA:120,6
DA:121,6
DA:127,6
DA:128,0
DA:132,6
DA:150,2
DA:152,2
DA:153,2
DA:156,2
DA:169,2
DA:170,1
DA:184,3
DA:189,3
DA:203,5
DA:208,1
DA:209,3
DA:215,5
LF:32
LH:31
BRDA:118,0,0,0
BRDA:118,0,1,6
BRDA:127,1,0,0
BRDA:127,1,1,6
BRDA:153,2,0,0
BRDA:153,2,1,2
BRDA:169,3,0,1
BRDA:169,3,1,1
BRDA:185,4,0,1
BRDA:185,4,1,2
BRDA:209,5,0,3
BRDA:209,5,1,2
BRDA:209,5,2,1
BRF:13
BRH:10
end_of_record
TN:
SF:src/a2a/index.ts
FNF:0
FNH:0
LF:0
LH:0
BRF:0
BRH:0
end_of_record
TN:
SF:src/a2a/message-bus.ts
FN:29,(anonymous_0)
FN:36,(anonymous_1)
FN:79,(anonymous_2)
FN:96,(anonymous_3)
FN:101,(anonymous_4)
FN:114,(anonymous_5)
FN:116,(anonymous_6)
FN:123,(anonymous_7)
FN:128,(anonymous_8)
FN:129,(anonymous_9)
FN:133,(anonymous_10)
FN:134,(anonymous_11)
FN:138,(anonymous_12)
FN:142,(anonymous_13)
FNF:14
FNH:14
FNDA:29,(anonymous_0)
FNDA:36,(anonymous_1)
FNDA:35,(anonymous_2)
FNDA:7,(anonymous_3)
FNDA:1,(anonymous_4)
FNDA:2,(anonymous_5)
FNDA:1,(anonymous_6)
FNDA:4,(anonymous_7)
FNDA:1,(anonymous_8)
FNDA:3,(anonymous_9)
FNDA:4,(anonymous_10)
FNDA:7,(anonymous_11)
FNDA:5,(anonymous_12)
FNDA:36,(anonymous_13)
DA:17,2
DA:24,29
DA:25,29
DA:26,29
DA:30,29
DA:46,36
DA:57,36
DA:58,36
DA:60,36
DA:62,6
DA:63,6
DA:64,2
DA:68,30
DA:69,30
DA:72,30
DA:75,36
DA:89,35
DA:97,7
DA:98,7
DA:99,7
DA:101,7
DA:102,1
DA:103,1
DA:104,1
DA:105,1
DA:115,2
DA:116,2
DA:117,1
DA:118,1
DA:124,4
DA:129,3
DA:134,7
DA:139,5
DA:143,36
DA:144,1
LF:35
LH:35
BRDA:29,0,0,29
BRDA:30,1,0,29
BRDA:30,1,1,28
BRDA:50,2,0,36
BRDA:50,2,1,23
BRDA:60,3,0,6
BRDA:60,3,1,30
BRDA:68,4,0,30
BRDA:68,4,1,25
BRDA:97,5,0,7
BRDA:97,5,1,7
BRDA:103,6,0,1
BRDA:103,6,1,0
BRDA:105,7,0,1
BRDA:105,7,1,0
BRDA:118,8,0,1
BRDA:118,8,1,0
BRDA:134,9,0,7
BRDA:134,9,1,5
BRDA:143,10,0,1
BRDA:143,10,1,35
BRF:21
BRH:18
end_of_record
TN:
SF:src/a2a/types.ts
FNF:0
FNH:0
LF:0
LH:0
BRF:0
BRH:0
end_of_record
TN:
SF:src/adaptation/astro.ts
FN:33,toPosix
FN:37,walkFiles
FN:54,uniqueSorted
FN:58,normalizeRoute
FN:63,routeFamily
FN:70,convertParam
FN:80,routeFromFile
FN:90,extractStableSelectors
FN:103,extractStatusCodes
FN:104,(anonymous_9)
FN:105,(anonymous_10)
FN:105,(anonymous_11)
FN:108,extractRouteMethods
FN:116,canScanAstroRepo
FN:125,scanAstroRepo
FN:153,(anonymous_15)
FN:168,(anonymous_16)
FN:174,(anonymous_17)
FN:192,(anonymous_18)
FN:199,(anonymous_19)
FN:206,(anonymous_20)
FN:212,(anonymous_21)
FN:213,(anonymous_22)
FN:219,(anonymous_23)
FN:233,(anonymous_24)
FN:250,(anonymous_25)
FNF:26
FNH:24
FNDA:112,toPosix
FNDA:49,walkFiles
FNDA:77,uniqueSorted
FNDA:56,normalizeRoute
FNDA:42,routeFamily
FNDA:105,convertParam
FNDA:56,routeFromFile
FNDA:35,extractStableSelectors
FNDA:28,extractStatusCodes
FNDA:70,(anonymous_9)
FNDA:70,(anonymous_10)
FNDA:70,(anonymous_11)
FNDA:14,extractRouteMethods
FNDA:13,canScanAstroRepo
FNDA:7,scanAstroRepo
FNDA:28,(anonymous_15)
FNDA:7,(anonymous_16)
FNDA:0,(anonymous_17)
FNDA:14,(anonymous_18)
FNDA:7,(anonymous_19)
FNDA:35,(anonymous_20)
FNDA:42,(anonymous_21)
FNDA:42,(anonymous_22)
FNDA:35,(anonymous_23)
FNDA:0,(anonymous_24)
FNDA:7,(anonymous_25)
DA:9,5
DA:10,5
DA:11,5
DA:12,5
DA:13,5
DA:14,5
DA:16,5
DA:17,5
DA:19,5
DA:34,112
DA:38,49
DA:40,49
DA:41,98
DA:43,98
DA:44,98
DA:45,42
DA:46,56
DA:47,56
DA:51,49
DA:55,77
DA:59,56
DA:60,56
DA:64,42
DA:65,42
DA:66,35
DA:67,35
DA:71,105
DA:72,0
DA:74,105
DA:75,14
DA:77,91
DA:81,56
DA:82,56
DA:83,56
DA:84,56
DA:85,7
DA:87,56
DA:91,35
DA:92,35
DA:93,28
DA:94,28
DA:95,7
DA:97,21
DA:100,35
DA:104,70
DA:105,70
DA:109,14
DA:110,14
DA:111,28
DA:113,14
DA:117,13
DA:118,13
DA:126,7
DA:127,7
DA:129,7
DA:131,7
DA:132,7
DA:133,7
DA:135,7
DA:136,56
DA:138,56
DA:139,42
DA:140,28
DA:141,28
DA:142,28
DA:144,14
DA:145,14
DA:147,14
DA:148,7
DA:153,28
DA:156,7
DA:161,7
DA:162,14
DA:163,14
DA:164,14
DA:165,14
DA:166,14
DA:167,14
DA:168,7
DA:171,14
DA:172,14
DA:173,0
DA:174,0
DA:175,0
DA:176,0
DA:181,14
DA:190,7
DA:191,7
DA:192,14
DA:199,7
DA:201,7
DA:202,7
DA:205,7
DA:207,35
DA:212,42
DA:213,42
DA:216,7
DA:217,7
DA:218,14
DA:219,14
DA:220,35
DA:222,14
DA:224,14
DA:225,14
DA:229,7
DA:230,7
DA:231,14
DA:232,14
DA:233,0
DA:234,0
DA:237,14
DA:241,7
DA:251,7
LF:113
LH:106
BRDA:41,0,0,0
BRDA:41,0,1,98
BRDA:44,1,0,42
BRDA:44,1,1,56
BRDA:46,2,0,56
BRDA:46,2,1,0
BRDA:60,3,0,56
BRDA:60,3,1,7
BRDA:65,4,0,7
BRDA:65,4,1,35
BRDA:65,5,0,42
BRDA:65,5,1,42
BRDA:67,6,0,35
BRDA:67,6,1,0
BRDA:71,7,0,0
BRDA:71,7,1,105
BRDA:71,8,0,105
BRDA:71,8,1,0
BRDA:74,9,0,14
BRDA:74,9,1,91
BRDA:74,10,0,105
BRDA:74,10,1,14
BRDA:84,11,0,7
BRDA:84,11,1,49
BRDA:84,12,0,56
BRDA:84,12,1,56
BRDA:94,13,0,7
BRDA:94,13,1,21
BRDA:118,14,0,13
BRDA:118,14,1,11
BRDA:118,14,2,11
BRDA:138,15,0,42
BRDA:138,15,1,14
BRDA:139,16,0,28
BRDA:139,16,1,14
BRDA:141,17,0,28
BRDA:141,17,1,0
BRDA:144,18,0,14
BRDA:144,18,1,0
BRDA:147,19,0,7
BRDA:147,19,1,7
BRDA:147,20,0,14
BRDA:147,20,1,7
BRDA:163,21,0,14
BRDA:163,21,1,0
BRDA:172,22,0,0
BRDA:172,22,1,14
BRDA:175,23,0,0
BRDA:175,23,1,0
BRDA:207,24,0,35
BRDA:207,24,1,0
BRDA:218,25,0,14
BRDA:218,25,1,0
BRDA:220,26,0,35
BRDA:220,26,1,21
BRDA:222,27,0,0
BRDA:222,27,1,14
BRDA:232,28,0,0
BRDA:232,28,1,14
BRF:59
BRH:44
end_of_record
TN:
SF:src/adaptation/django.ts
FN:65,isSourceFile
FN:66,(anonymous_1)
FN:69,shouldIgnoreEntry
FN:76,(anonymous_3)
FN:79,walkFiles
FN:101,uniqueSorted
FN:105,uniqueNumbers
FN:106,(anonymous_7)
FN:109,routeFamily
FN:114,normalizeRoute
FN:127,extractDjangoRoutes
FN:128,(anonymous_11)
FN:131,extractApiViewMethods
FN:132,(anonymous_13)
FN:136,(anonymous_14)
FN:141,extractActionMethods
FN:142,(anonymous_16)
FN:146,(anonymous_17)
FN:151,extractSelectors
FN:164,canScanDjangoRepo
FN:190,scanDjangoRepo
FN:322,(anonymous_21)
FN:328,(anonymous_22)
FN:330,(anonymous_23)
FN:334,(anonymous_24)
FNF:25
FNH:23
FNDA:25,isSourceFile
FNDA:31,(anonymous_1)
FNDA:63,shouldIgnoreEntry
FNDA:250,(anonymous_3)
FNDA:20,walkFiles
FNDA:66,uniqueSorted
FNDA:36,uniqueNumbers
FNDA:24,(anonymous_7)
FNDA:36,routeFamily
FNDA:180,normalizeRoute
FNDA:18,extractDjangoRoutes
FNDA:108,(anonymous_11)
FNDA:18,extractApiViewMethods
FNDA:6,(anonymous_13)
FNDA:12,(anonymous_14)
FNDA:18,extractActionMethods
FNDA:0,(anonymous_16)
FNDA:0,(anonymous_17)
FNDA:6,extractSelectors
FNDA:2,canScanDjangoRepo
FNDA:6,scanDjangoRepo
FNDA:12,(anonymous_21)
FNDA:6,(anonymous_22)
FNDA:12,(anonymous_23)
FNDA:6,(anonymous_24)
DA:9,5
DA:10,5
DA:38,5
DA:47,5
DA:50,5
DA:53,5
DA:56,5
DA:59,5
DA:60,5
DA:63,5
DA:66,31
DA:70,63
DA:71,0
DA:73,63
DA:74,13
DA:76,250
DA:80,20
DA:82,20
DA:83,38
DA:84,0
DA:87,38
DA:88,38
DA:89,13
DA:90,13
DA:93,25
DA:94,25
DA:98,20
DA:102,66
DA:106,36
DA:110,36
DA:111,36
DA:116,180
DA:118,180
DA:120,180
DA:121,90
DA:123,180
DA:124,180
DA:128,108
DA:132,18
DA:133,6
DA:134,6
DA:136,12
DA:142,18
DA:143,0
DA:144,0
DA:146,0
DA:152,6
DA:154,6
DA:155,12
DA:157,6
DA:158,6
DA:161,6
DA:166,2
DA:167,1
DA:170,1
DA:171,1
DA:174,1
DA:175,0
DA:179,1
DA:180,0
DA:181,0
DA:182,0
DA:187,1
DA:191,6
DA:192,6
DA:193,6
DA:203,6
DA:204,6
DA:205,6
DA:207,6
DA:208,24
DA:209,24
DA:212,24
DA:213,6
DA:214,6
DA:216,6
DA:218,36
DA:219,12
DA:227,12
DA:228,12
DA:230,12
DA:234,36
DA:235,6
DA:237,36
DA:238,6
DA:244,24
DA:245,18
DA:246,18
DA:249,18
DA:250,18
DA:251,6
DA:255,18
DA:256,18
DA:258,0
DA:262,18
DA:263,6
DA:264,6
DA:265,6
DA:266,6
DA:267,6
DA:268,36
DA:269,12
DA:276,36
DA:277,36
DA:283,18
DA:285,6
DA:286,6
DA:287,6
DA:288,6
DA:289,6
DA:290,6
DA:291,6
DA:292,36
DA:293,12
DA:294,12
DA:295,12
DA:299,12
DA:300,12
DA:304,36
DA:305,36
DA:313,24
DA:314,6
DA:318,6
DA:319,6
DA:320,6
DA:321,6
DA:322,12
DA:328,6
DA:329,6
DA:330,12
DA:334,6
DA:336,6
LF:132
LH:122
BRDA:70,0,0,0
BRDA:70,0,1,63
BRDA:73,1,0,13
BRDA:73,1,1,50
BRDA:83,2,0,0
BRDA:83,2,1,38
BRDA:88,3,0,13
BRDA:88,3,1,25
BRDA:93,4,0,25
BRDA:93,4,1,0
BRDA:93,5,0,25
BRDA:93,5,1,25
BRDA:93,5,2,25
BRDA:110,6,0,36
BRDA:110,6,1,0
BRDA:111,7,0,6
BRDA:111,7,1,30
BRDA:120,8,0,90
BRDA:120,8,1,90
BRDA:120,9,0,180
BRDA:120,9,1,162
BRDA:124,10,0,180
BRDA:124,10,1,30
BRDA:128,11,0,108
BRDA:128,11,1,0
BRDA:133,12,0,6
BRDA:133,12,1,0
BRDA:143,13,0,0
BRDA:143,13,1,0
BRDA:166,14,0,1
BRDA:166,14,1,1
BRDA:174,15,0,0
BRDA:174,15,1,1
BRDA:179,16,0,0
BRDA:179,16,1,1
BRDA:180,17,0,0
BRDA:180,17,1,0
BRDA:181,18,0,0
BRDA:181,18,1,0
BRDA:208,19,0,24
BRDA:208,19,1,0
BRDA:212,20,0,6
BRDA:212,20,1,18
BRDA:218,21,0,12
BRDA:218,21,1,24
BRDA:219,22,0,12
BRDA:219,22,1,12
BRDA:227,23,0,12
BRDA:227,23,1,0
BRDA:234,24,0,6
BRDA:234,24,1,30
BRDA:237,25,0,6
BRDA:237,25,1,30
BRDA:244,26,0,18
BRDA:244,26,1,6
BRDA:256,27,0,0
BRDA:256,27,1,18
BRDA:262,28,0,6
BRDA:262,28,1,12
BRDA:262,29,0,18
BRDA:262,29,1,6
BRDA:264,30,0,6
BRDA:264,30,1,0
BRDA:265,31,0,6
BRDA:265,31,1,0
BRDA:268,32,0,24
BRDA:268,32,1,12
BRDA:269,33,0,12
BRDA:269,33,1,0
BRDA:283,34,0,6
BRDA:283,34,1,12
BRDA:286,35,0,6
BRDA:286,35,1,0
BRDA:288,36,0,6
BRDA:288,36,1,0
BRDA:289,37,0,6
BRDA:289,37,1,0
BRDA:292,38,0,24
BRDA:292,38,1,12
BRDA:294,39,0,12
BRDA:294,39,1,0
BRDA:300,40,0,12
BRDA:300,40,1,12
BRDA:313,41,0,6
BRDA:313,41,1,18
BRF:85
BRH:61
end_of_record
TN:
SF:src/adaptation/express.ts
FN:54,isSourceFile
FN:55,(anonymous_1)
FN:58,shouldIgnoreEntry
FN:68,(anonymous_3)
FN:71,walkFiles
FN:93,uniqueSorted
FN:97,uniqueNumbers
FN:98,(anonymous_7)
FN:101,routeFamily
FN:106,normalizeRoute
FN:111,extractRouteHandlers
FN:112,(anonymous_11)
FN:119,extractStatusCodes
FN:120,(anonymous_13)
FN:123,extractSelectors
FN:139,canScanExpressRepo
FN:151,scanExpressRepo
FN:202,(anonymous_17)
FN:223,(anonymous_18)
FN:229,(anonymous_19)
FN:231,(anonymous_20)
FN:235,(anonymous_21)
FNF:22
FNH:21
FNDA:7,isSourceFile
FNDA:7,(anonymous_1)
FNDA:15,shouldIgnoreEntry
FNDA:50,(anonymous_3)
FNDA:10,walkFiles
FNDA:72,uniqueSorted
FNDA:45,uniqueNumbers
FNDA:6,(anonymous_7)
FNDA:18,routeFamily
FNDA:42,normalizeRoute
FNDA:3,extractRouteHandlers
FNDA:21,(anonymous_11)
FNDA:21,extractStatusCodes
FNDA:12,(anonymous_13)
FNDA:3,extractSelectors
FNDA:2,canScanExpressRepo
FNDA:3,scanExpressRepo
FNDA:12,(anonymous_17)
FNDA:18,(anonymous_18)
FNDA:30,(anonymous_19)
FNDA:3,(anonymous_20)
FNDA:0,(anonymous_21)
DA:9,5
DA:10,5
DA:31,5
DA:39,5
DA:42,5
DA:44,5
DA:47,5
DA:50,5
DA:51,5
DA:52,5
DA:55,7
DA:59,15
DA:60,0
DA:62,15
DA:63,5
DA:65,10
DA:66,0
DA:68,50
DA:72,10
DA:74,10
DA:75,10
DA:76,0
DA:79,10
DA:80,10
DA:81,5
DA:82,5
DA:85,5
DA:86,5
DA:90,10
DA:94,72
DA:98,45
DA:102,18
DA:103,18
DA:107,42
DA:108,42
DA:112,21
DA:120,21
DA:124,3
DA:126,3
DA:127,3
DA:129,3
DA:130,0
DA:132,3
DA:133,3
DA:136,3
DA:140,2
DA:141,2
DA:143,2
DA:144,2
DA:145,1
DA:148,1
DA:152,3
DA:153,3
DA:154,3
DA:164,3
DA:165,3
DA:166,3
DA:168,3
DA:169,3
DA:171,3
DA:173,3
DA:174,21
DA:176,21
DA:177,21
DA:179,21
DA:186,21
DA:187,21
DA:188,21
DA:189,9
DA:191,21
DA:194,21
DA:195,3
DA:197,21
DA:198,3
DA:202,21
DA:203,21
DA:204,3
DA:205,3
DA:210,3
DA:211,3
DA:216,3
DA:219,3
DA:220,3
DA:221,3
DA:222,3
DA:223,18
DA:229,30
DA:230,3
DA:231,3
DA:235,0
DA:237,3
LF:91
LH:86
BRDA:59,0,0,0
BRDA:59,0,1,15
BRDA:62,1,0,5
BRDA:62,1,1,10
BRDA:65,2,0,0
BRDA:65,2,1,10
BRDA:75,3,0,0
BRDA:75,3,1,10
BRDA:80,4,0,5
BRDA:80,4,1,5
BRDA:85,5,0,5
BRDA:85,5,1,0
BRDA:85,6,0,5
BRDA:85,6,1,5
BRDA:85,6,2,5
BRDA:102,7,0,18
BRDA:102,7,1,0
BRDA:103,8,0,3
BRDA:103,8,1,15
BRDA:108,9,0,42
BRDA:108,9,1,6
BRDA:113,10,0,21
BRDA:113,10,1,0
BRDA:114,11,0,21
BRDA:114,11,1,0
BRDA:120,12,0,12
BRDA:120,12,1,0
BRDA:141,13,0,0
BRDA:141,13,1,2
BRDA:143,14,0,2
BRDA:143,14,1,0
BRDA:144,15,0,1
BRDA:144,15,1,1
BRDA:169,16,0,3
BRDA:169,16,1,0
BRDA:179,17,0,21
BRDA:179,17,1,18
BRDA:188,18,0,9
BRDA:188,18,1,12
BRDA:194,19,0,3
BRDA:194,19,1,18
BRDA:197,20,0,3
BRDA:197,20,1,18
BRDA:202,21,0,12
BRDA:202,21,1,9
BRDA:203,22,0,3
BRDA:203,22,1,18
BRDA:205,23,0,3
BRDA:205,23,1,3
BRF:49
BRH:38
end_of_record
TN:
SF:src/adaptation/fastapi.ts
FN:69,isSourceFile
FN:70,(anonymous_1)
FN:73,shouldIgnoreEntry
FN:80,(anonymous_3)
FN:83,walkFiles
FN:107,uniqueSorted
FN:111,uniqueNumbers
FN:112,(anonymous_7)
FN:115,routeFamily
FN:120,convertPathParams
FN:125,normalizeRoute
FN:133,extractSelectors
FN:146,extractStatusCodes
FN:162,extractPydanticModels
FN:163,(anonymous_14)
FN:166,canScanFastApiRepo
FN:177,scanFastApiRepo
FN:260,(anonymous_17)
FN:264,(anonymous_18)
FN:270,(anonymous_19)
FN:272,(anonymous_20)
FN:276,(anonymous_21)
FNF:22
FNH:22
FNDA:17,isSourceFile
FNDA:25,(anonymous_1)
FNDA:43,shouldIgnoreEntry
FNDA:170,(anonymous_3)
FNDA:18,walkFiles
FNDA:63,uniqueSorted
FNDA:56,uniqueNumbers
FNDA:84,(anonymous_7)
FNDA:42,routeFamily
FNDA:56,convertPathParams
FNDA:56,normalizeRoute
FNDA:7,extractSelectors
FNDA:56,extractStatusCodes
FNDA:7,extractPydanticModels
FNDA:7,(anonymous_14)
FNDA:2,canScanFastApiRepo
FNDA:7,scanFastApiRepo
FNDA:56,(anonymous_17)
FNDA:14,(anonymous_18)
FNDA:7,(anonymous_19)
FNDA:14,(anonymous_20)
FNDA:7,(anonymous_21)
DA:9,5
DA:10,5
DA:38,5
DA:48,5
DA:51,5
DA:54,5
DA:55,5
DA:56,5
DA:60,5
DA:63,5
DA:66,5
DA:67,5
DA:70,25
DA:74,43
DA:75,0
DA:77,43
DA:78,9
DA:80,170
DA:84,18
DA:86,18
DA:88,18
DA:89,26
DA:90,0
DA:93,26
DA:94,26
DA:95,9
DA:96,9
DA:99,17
DA:100,17
DA:104,18
DA:108,63
DA:112,84
DA:116,42
DA:117,42
DA:122,56
DA:126,56
DA:127,56
DA:128,0
DA:130,56
DA:134,7
DA:136,7
DA:137,14
DA:139,7
DA:140,7
DA:143,7
DA:147,56
DA:149,56
DA:150,147
DA:152,56
DA:153,77
DA:155,56
DA:156,0
DA:159,56
DA:163,7
DA:167,2
DA:168,2
DA:169,2
DA:170,2
DA:171,1
DA:174,1
DA:178,7
DA:179,7
DA:180,7
DA:190,7
DA:191,7
DA:192,7
DA:194,7
DA:195,14
DA:198,14
DA:199,7
DA:200,7
DA:202,7
DA:203,56
DA:204,56
DA:205,56
DA:207,56
DA:210,56
DA:211,56
DA:212,56
DA:213,56
DA:216,56
DA:217,56
DA:218,28
DA:225,28
DA:226,28
DA:227,28
DA:228,28
DA:230,28
DA:231,28
DA:234,56
DA:235,28
DA:236,28
DA:240,28
DA:241,28
DA:245,56
DA:246,7
DA:248,56
DA:249,7
DA:255,14
DA:256,7
DA:260,56
DA:261,7
DA:262,7
DA:263,7
DA:264,14
DA:270,7
DA:271,7
DA:272,14
DA:276,7
DA:278,7
LF:110
LH:106
BRDA:74,0,0,0
BRDA:74,0,1,43
BRDA:77,1,0,9
BRDA:77,1,1,34
BRDA:86,2,0,0
BRDA:86,2,1,18
BRDA:89,3,0,0
BRDA:89,3,1,26
BRDA:94,4,0,9
BRDA:94,4,1,17
BRDA:99,5,0,17
BRDA:99,5,1,0
BRDA:99,6,0,17
BRDA:99,6,1,17
BRDA:99,6,2,17
BRDA:116,7,0,42
BRDA:116,7,1,0
BRDA:117,8,0,7
BRDA:117,8,1,35
BRDA:127,9,0,0
BRDA:127,9,1,56
BRDA:127,10,0,56
BRDA:127,10,1,49
BRDA:130,11,0,56
BRDA:130,11,1,7
BRDA:163,12,0,7
BRDA:163,12,1,0
BRDA:168,13,0,0
BRDA:168,13,1,2
BRDA:169,14,0,2
BRDA:169,14,1,0
BRDA:170,15,0,1
BRDA:170,15,1,1
BRDA:195,16,0,14
BRDA:195,16,1,0
BRDA:198,17,0,7
BRDA:198,17,1,7
BRDA:203,18,0,56
BRDA:203,18,1,0
BRDA:204,19,0,56
BRDA:204,19,1,0
BRDA:210,20,0,56
BRDA:210,20,1,0
BRDA:216,21,0,56
BRDA:216,21,1,28
BRDA:217,22,0,28
BRDA:217,22,1,28
BRDA:218,23,0,28
BRDA:218,23,1,14
BRDA:227,24,0,28
BRDA:227,24,1,0
BRDA:234,25,0,28
BRDA:234,25,1,28
BRDA:234,26,0,56
BRDA:234,26,1,56
BRDA:236,27,0,28
BRDA:236,27,1,14
BRDA:245,28,0,7
BRDA:245,28,1,49
BRDA:248,29,0,7
BRDA:248,29,1,49
BRDA:255,30,0,7
BRDA:255,30,1,7
BRDA:260,31,0,56
BRDA:260,31,1,0
BRF:65
BRH:50
end_of_record
TN:
SF:src/adaptation/file-utils.ts
FN:8,formatScanSizeLimit
FN:18,readTextFileWithinLimit
FNF:2
FNH:2
FNDA:2,formatScanSizeLimit
FNDA:694,readTextFileWithinLimit
DA:6,17
DA:9,2
DA:10,1
DA:12,1
DA:13,1
DA:15,0
DA:22,694
DA:23,694
DA:24,694
DA:25,2
DA:28,680
DA:30,12
LF:12
LH:11
BRDA:9,0,0,1
BRDA:9,0,1,1
BRDA:12,1,0,1
BRDA:12,1,1,0
BRDA:20,2,0,694
BRDA:24,3,0,2
BRDA:24,3,1,692
BRF:7
BRH:6
end_of_record
TN:
SF:src/adaptation/generic.ts
FN:49,isTextFile
FN:50,(anonymous_1)
FN:53,shouldIgnoreEntry
FN:65,(anonymous_3)
FN:68,walkFiles
FN:90,uniqueSorted
FN:94,uniqueNumbers
FN:95,(anonymous_7)
FN:98,collectMatches
FN:99,(anonymous_9)
FN:102,routeFamily
FN:107,createEmptyHints
FN:121,scanGenericRepo
FN:131,(anonymous_13)
FN:139,(anonymous_14)
FN:140,(anonymous_15)
FN:172,(anonymous_16)
FN:175,(anonymous_17)
FN:181,(anonymous_18)
FNF:19
FNH:17
FNDA:9,isTextFile
FNDA:12,(anonymous_1)
FNDA:25,shouldIgnoreEntry
FNDA:90,(anonymous_3)
FNDA:8,walkFiles
FNDA:35,uniqueSorted
FNDA:5,uniqueNumbers
FNDA:0,(anonymous_7)
FNDA:27,collectMatches
FNDA:19,(anonymous_9)
FNDA:12,routeFamily
FNDA:4,createEmptyHints
FNDA:4,scanGenericRepo
FNDA:14,(anonymous_13)
FNDA:5,(anonymous_14)
FNDA:0,(anonymous_15)
FNDA:12,(anonymous_16)
FNDA:5,(anonymous_17)
FNDA:2,(anonymous_18)
DA:9,5
DA:20,5
DA:41,5
DA:50,12
DA:54,25
DA:55,3
DA:57,22
DA:58,4
DA:61,18
DA:62,0
DA:65,90
DA:69,8
DA:71,8
DA:72,16
DA:73,3
DA:76,13
DA:77,13
DA:78,4
DA:79,4
DA:82,9
DA:83,9
DA:87,8
DA:91,35
DA:95,5
DA:99,27
DA:103,12
DA:104,12
DA:108,4
DA:122,4
DA:123,4
DA:128,4
DA:129,9
DA:131,9
DA:132,14
DA:134,9
DA:136,9
DA:137,9
DA:138,9
DA:139,5
DA:140,0
DA:143,9
DA:148,9
DA:149,5
DA:150,5
DA:151,5
DA:157,5
DA:158,5
DA:161,9
DA:162,14
DA:163,3
DA:165,14
DA:166,2
DA:171,4
DA:172,12
DA:173,4
DA:174,4
DA:175,5
DA:181,2
DA:182,4
DA:183,4
DA:185,4
LF:61
LH:59
BRDA:54,0,0,3
BRDA:54,0,1,22
BRDA:57,1,0,4
BRDA:57,1,1,18
BRDA:61,2,0,0
BRDA:61,2,1,18
BRDA:72,3,0,3
BRDA:72,3,1,13
BRDA:77,4,0,4
BRDA:77,4,1,9
BRDA:82,5,0,9
BRDA:82,5,1,0
BRDA:82,6,0,9
BRDA:82,6,1,9
BRDA:82,6,2,9
BRDA:99,7,0,19
BRDA:99,7,1,0
BRDA:103,8,0,12
BRDA:103,8,1,0
BRDA:104,9,0,2
BRDA:104,9,1,10
BRDA:129,10,0,9
BRDA:129,10,1,1
BRDA:149,11,0,5
BRDA:149,11,1,0
BRDA:150,12,0,5
BRDA:150,12,1,3
BRDA:151,13,0,5
BRDA:151,13,1,5
BRDA:162,14,0,3
BRDA:162,14,1,11
BRDA:165,15,0,2
BRDA:165,15,1,12
BRF:33
BRH:28
end_of_record
TN:
SF:src/adaptation/nextjs.ts
FN:21,toPosix
FN:25,walkFiles
FN:44,uniqueSorted
FN:48,normalizeRoutePath
FN:53,routeFamilyFromRoute
FN:63,stripNextRouteGroups
FN:64,(anonymous_6)
FN:70,routeFromPageFile
FN:78,routeFromRouteFile
FN:86,extractQueryRoutes
FN:94,extractStableSelectors
FN:109,extractExpectedHttpNoise
FN:114,(anonymous_12)
FN:115,(anonymous_13)
FN:116,(anonymous_14)
FN:126,(anonymous_15)
FN:129,extractStatusCodes
FN:130,(anonymous_17)
FN:130,(anonymous_18)
FN:135,extractRouteMethods
FN:145,extractApiEndpoints
FN:147,(anonymous_21)
FN:155,(anonymous_22)
FN:159,(anonymous_23)
FN:162,scanNextJsRepo
FN:165,(anonymous_25)
FN:171,(anonymous_26)
FN:172,(anonymous_27)
FN:174,(anonymous_28)
FN:175,(anonymous_29)
FN:177,(anonymous_30)
FN:178,(anonymous_31)
FN:181,(anonymous_32)
FN:182,(anonymous_33)
FN:183,(anonymous_34)
FN:189,(anonymous_35)
FN:202,(anonymous_36)
FN:203,(anonymous_37)
FN:209,canScanNextJsRepo
FNF:39
FNH:37
FNDA:33,toPosix
FNDA:30,walkFiles
FNDA:21,uniqueSorted
FNDA:18,normalizeRoutePath
FNDA:18,routeFamilyFromRoute
FNDA:18,stripNextRouteGroups
FNDA:36,(anonymous_6)
FNDA:12,routeFromPageFile
FNDA:6,routeFromRouteFile
FNDA:27,extractQueryRoutes
FNDA:15,extractStableSelectors
FNDA:3,extractExpectedHttpNoise
FNDA:12,(anonymous_12)
FNDA:12,(anonymous_13)
FNDA:12,(anonymous_14)
FNDA:0,(anonymous_15)
FNDA:3,extractStatusCodes
FNDA:12,(anonymous_17)
FNDA:12,(anonymous_18)
FNDA:3,extractRouteMethods
FNDA:3,extractApiEndpoints
FNDA:3,(anonymous_21)
FNDA:6,(anonymous_22)
FNDA:0,(anonymous_23)
FNDA:3,scanNextJsRepo
FNDA:15,(anonymous_25)
FNDA:15,(anonymous_26)
FNDA:12,(anonymous_27)
FNDA:15,(anonymous_28)
FNDA:3,(anonymous_29)
FNDA:15,(anonymous_30)
FNDA:15,(anonymous_31)
FNDA:12,(anonymous_32)
FNDA:12,(anonymous_33)
FNDA:15,(anonymous_34)
FNDA:15,(anonymous_35)
FNDA:18,(anonymous_36)
FNDA:18,(anonymous_37)
FNDA:8,canScanNextJsRepo
DA:9,4
DA:10,4
DA:11,4
DA:12,4
DA:13,4
DA:14,4
DA:16,4
DA:18,4
DA:19,4
DA:22,33
DA:26,30
DA:28,30
DA:29,42
DA:30,0
DA:33,42
DA:34,42
DA:35,27
DA:37,15
DA:41,30
DA:45,21
DA:49,18
DA:50,18
DA:54,18
DA:55,18
DA:56,6
DA:59,12
DA:60,12
DA:64,18
DA:66,36
DA:71,12
DA:72,12
DA:73,12
DA:74,12
DA:75,12
DA:79,6
DA:80,6
DA:81,6
DA:82,6
DA:83,6
DA:87,27
DA:88,27
DA:89,12
DA:91,27
DA:95,15
DA:97,15
DA:98,15
DA:99,15
DA:100,9
DA:102,6
DA:106,15
DA:110,3
DA:112,3
DA:113,3
DA:114,12
DA:115,12
DA:116,12
DA:118,3
DA:120,3
DA:126,3
DA:130,12
DA:131,12
DA:136,3
DA:138,3
DA:139,6
DA:142,3
DA:146,3
DA:148,3
DA:149,3
DA:155,6
DA:159,0
DA:163,3
DA:164,3
DA:165,15
DA:170,3
DA:171,15
DA:172,12
DA:173,3
DA:174,15
DA:175,3
DA:176,3
DA:177,15
DA:178,15
DA:180,3
DA:181,12
DA:182,12
DA:184,15
DA:188,3
DA:190,15
DA:193,3
DA:194,3
DA:196,3
DA:202,18
DA:203,18
DA:210,8
LF:94
LH:92
BRDA:29,0,0,0
BRDA:29,0,1,42
BRDA:29,1,0,42
BRDA:29,1,1,42
BRDA:29,1,2,42
BRDA:34,2,0,27
BRDA:34,2,1,15
BRDA:50,3,0,18
BRDA:50,3,1,3
BRDA:55,4,0,6
BRDA:55,4,1,12
BRDA:55,5,0,18
BRDA:55,5,1,18
BRDA:60,6,0,12
BRDA:60,6,1,0
BRDA:66,7,0,36
BRDA:66,7,1,33
BRDA:66,7,2,33
BRDA:99,8,0,9
BRDA:99,8,1,6
BRDA:113,9,0,3
BRDA:113,9,1,0
BRDA:116,10,0,12
BRDA:116,10,1,9
BRDA:118,11,0,0
BRDA:118,11,1,3
BRDA:139,12,0,6
BRDA:139,12,1,0
BRDA:148,13,0,3
BRDA:148,13,1,0
BRDA:153,14,0,3
BRDA:153,14,1,3
BRDA:182,15,0,12
BRDA:182,15,1,0
BRDA:184,16,0,15
BRDA:184,16,1,0
BRDA:190,17,0,15
BRDA:190,17,1,0
BRF:38
BRH:29
end_of_record
TN:
SF:src/adaptation/nuxt.ts
FN:33,toPosix
FN:37,walkFiles
FN:54,uniqueSorted
FN:58,normalizeRoute
FN:63,routeFamily
FN:70,convertParam
FN:80,pageRouteFromFile
FN:92,apiRouteFromFile
FN:105,extractMethodFromFilename
FN:110,extractStableSelectors
FN:123,extractStatusCodes
FN:125,(anonymous_11)
FN:126,(anonymous_12)
FN:128,(anonymous_13)
FN:128,(anonymous_14)
FN:131,canScanNuxtRepo
FN:139,scanNuxtRepo
FN:166,(anonymous_17)
FN:182,(anonymous_18)
FN:188,(anonymous_19)
FN:206,(anonymous_20)
FN:213,(anonymous_21)
FN:221,(anonymous_22)
FN:225,(anonymous_23)
FN:226,(anonymous_24)
FN:232,(anonymous_25)
FN:246,(anonymous_26)
FN:263,(anonymous_27)
FNF:28
FNH:27
FNDA:126,toPosix
FNDA:49,walkFiles
FNDA:84,uniqueSorted
FNDA:63,normalizeRoute
FNDA:42,routeFamily
FNDA:77,convertParam
FNDA:28,pageRouteFromFile
FNDA:35,apiRouteFromFile
FNDA:21,extractMethodFromFilename
FNDA:35,extractStableSelectors
FNDA:42,extractStatusCodes
FNDA:14,(anonymous_11)
FNDA:28,(anonymous_12)
FNDA:42,(anonymous_13)
FNDA:14,(anonymous_14)
FNDA:15,canScanNuxtRepo
FNDA:7,scanNuxtRepo
FNDA:28,(anonymous_17)
FNDA:7,(anonymous_18)
FNDA:21,(anonymous_19)
FNDA:14,(anonymous_20)
FNDA:7,(anonymous_21)
FNDA:35,(anonymous_22)
FNDA:42,(anonymous_23)
FNDA:42,(anonymous_24)
FNDA:21,(anonymous_25)
FNDA:7,(anonymous_26)
FNDA:0,(anonymous_27)
DA:9,5
DA:10,5
DA:11,5
DA:12,5
DA:13,5
DA:14,5
DA:15,5
DA:17,5
DA:31,5
DA:34,126
DA:38,49
DA:40,49
DA:41,105
DA:43,105
DA:44,105
DA:45,42
DA:46,63
DA:47,63
DA:51,49
DA:55,84
DA:59,63
DA:60,63
DA:64,42
DA:65,42
DA:66,35
DA:67,35
DA:71,77
DA:72,0
DA:74,77
DA:75,7
DA:77,70
DA:81,28
DA:83,28
DA:84,28
DA:86,28
DA:87,7
DA:89,28
DA:93,35
DA:95,35
DA:96,35
DA:97,35
DA:99,35
DA:100,0
DA:102,35
DA:106,21
DA:107,21
DA:111,35
DA:112,35
DA:113,28
DA:114,28
DA:115,7
DA:117,21
DA:120,35
DA:124,42
DA:125,14
DA:126,28
DA:128,42
DA:132,15
DA:133,15
DA:140,7
DA:141,7
DA:143,7
DA:144,7
DA:145,7
DA:148,7
DA:149,7
DA:150,7
DA:152,7
DA:153,63
DA:155,63
DA:156,28
DA:157,28
DA:158,35
DA:159,21
DA:160,14
DA:161,7
DA:166,28
DA:169,7
DA:174,7
DA:175,21
DA:176,21
DA:177,21
DA:178,21
DA:179,21
DA:180,21
DA:181,21
DA:182,7
DA:185,21
DA:186,21
DA:187,7
DA:188,21
DA:189,7
DA:190,7
DA:195,14
DA:204,7
DA:205,7
DA:206,14
DA:213,7
DA:216,7
DA:217,7
DA:220,7
DA:221,35
DA:225,42
DA:226,42
DA:229,7
DA:230,7
DA:231,21
DA:232,21
DA:233,21
DA:235,21
DA:237,14
DA:238,14
DA:242,7
DA:243,7
DA:244,14
DA:245,14
DA:246,7
DA:247,7
DA:250,7
DA:254,7
DA:264,0
LF:121
LH:118
BRDA:41,0,0,0
BRDA:41,0,1,105
BRDA:44,1,0,42
BRDA:44,1,1,63
BRDA:46,2,0,63
BRDA:46,2,1,0
BRDA:60,3,0,63
BRDA:60,3,1,7
BRDA:65,4,0,7
BRDA:65,4,1,35
BRDA:65,5,0,42
BRDA:65,5,1,42
BRDA:67,6,0,35
BRDA:67,6,1,0
BRDA:71,7,0,0
BRDA:71,7,1,77
BRDA:71,8,0,77
BRDA:71,8,1,0
BRDA:74,9,0,7
BRDA:74,9,1,70
BRDA:74,10,0,77
BRDA:74,10,1,7
BRDA:86,11,0,7
BRDA:86,11,1,21
BRDA:86,12,0,28
BRDA:86,12,1,28
BRDA:99,13,0,0
BRDA:99,13,1,35
BRDA:99,14,0,35
BRDA:99,14,1,35
BRDA:107,15,0,14
BRDA:107,15,1,7
BRDA:114,16,0,7
BRDA:114,16,1,21
BRDA:133,17,0,15
BRDA:133,17,1,13
BRDA:155,18,0,28
BRDA:155,18,1,35
BRDA:155,19,0,63
BRDA:155,19,1,28
BRDA:158,20,0,21
BRDA:158,20,1,14
BRDA:158,21,0,35
BRDA:158,21,1,21
BRDA:160,22,0,7
BRDA:160,22,1,7
BRDA:160,23,0,14
BRDA:160,23,1,7
BRDA:176,24,0,21
BRDA:176,24,1,0
BRDA:178,25,0,14
BRDA:178,25,1,7
BRDA:186,26,0,7
BRDA:186,26,1,14
BRDA:189,27,0,7
BRDA:189,27,1,0
BRDA:221,28,0,35
BRDA:221,28,1,0
BRDA:231,29,0,21
BRDA:231,29,1,0
BRDA:233,30,0,21
BRDA:233,30,1,14
BRDA:235,31,0,7
BRDA:235,31,1,14
BRDA:245,32,0,7
BRDA:245,32,1,7
BRF:66
BRH:56
end_of_record
TN:
SF:src/adaptation/rails.ts
FN:55,isSourceFile
FN:59,shouldIgnoreEntry
FN:62,(anonymous_2)
FN:65,walkFiles
FN:85,uniqueSorted
FN:89,uniqueNumbers
FN:90,(anonymous_6)
FN:93,routeFamily
FN:98,normalizePath
FN:104,parseRoutesFile
FN:169,(anonymous_10)
FN:207,extractStatusCodes
FN:226,extractSelectors
FN:237,canScanRailsRepo
FN:248,scanRailsRepo
FN:343,(anonymous_15)
FN:349,(anonymous_16)
FN:351,(anonymous_17)
FN:355,(anonymous_18)
FNF:19
FNH:19
FNDA:28,isSourceFile
FNDA:91,shouldIgnoreEntry
FNDA:196,(anonymous_2)
FNDA:49,walkFiles
FNDA:63,uniqueSorted
FNDA:56,uniqueNumbers
FNDA:112,(anonymous_6)
FNDA:42,routeFamily
FNDA:182,normalizePath
FNDA:7,parseRoutesFile
FNDA:28,(anonymous_10)
FNDA:7,extractStatusCodes
FNDA:7,extractSelectors
FNDA:11,canScanRailsRepo
FNDA:7,scanRailsRepo
FNDA:14,(anonymous_15)
FNDA:7,(anonymous_16)
FNDA:14,(anonymous_17)
FNDA:7,(anonymous_18)
DA:9,5
DA:21,5
DA:23,5
DA:24,5
DA:27,5
DA:29,5
DA:30,5
DA:31,5
DA:32,5
DA:34,5
DA:56,28
DA:60,91
DA:61,91
DA:62,196
DA:66,49
DA:67,49
DA:68,70
DA:69,70
DA:70,70
DA:71,42
DA:72,42
DA:74,28
DA:79,21
DA:82,49
DA:86,63
DA:90,112
DA:94,42
DA:95,42
DA:99,182
DA:100,182
DA:101,182
DA:105,7
DA:106,7
DA:107,7
DA:108,7
DA:109,7
DA:111,7
DA:112,91
DA:113,91
DA:115,70
DA:116,70
DA:117,7
DA:118,7
DA:119,7
DA:120,7
DA:123,63
DA:124,7
DA:125,7
DA:128,56
DA:129,14
DA:133,7
DA:134,7
DA:136,14
DA:137,14
DA:140,42
DA:143,91
DA:144,7
DA:145,7
DA:149,35
DA:150,35
DA:151,28
DA:152,28
DA:153,28
DA:154,28
DA:155,28
DA:159,7
DA:160,7
DA:161,7
DA:162,7
DA:163,7
DA:166,7
DA:167,7
DA:169,28
DA:172,0
DA:175,7
DA:176,28
DA:178,7
DA:179,7
DA:181,7
DA:182,7
DA:184,7
DA:185,7
DA:187,0
DA:188,0
DA:190,7
DA:191,7
DA:193,0
DA:194,0
DA:196,0
DA:197,0
DA:200,7
DA:204,7
DA:208,7
DA:209,7
DA:210,14
DA:211,14
DA:213,7
DA:214,0
DA:216,7
DA:217,7
DA:218,7
DA:220,7
DA:221,0
DA:223,7
DA:227,7
DA:228,7
DA:229,14
DA:231,7
DA:232,7
DA:234,7
DA:238,11
DA:239,9
DA:240,9
DA:241,0
DA:242,0
DA:244,9
DA:245,9
DA:249,7
DA:250,7
DA:251,7
DA:261,7
DA:262,7
DA:263,7
DA:266,7
DA:267,7
DA:268,7
DA:269,7
DA:271,7
DA:272,63
DA:273,63
DA:275,63
DA:276,28
DA:283,28
DA:284,28
DA:286,28
DA:289,63
DA:290,14
DA:292,63
DA:293,7
DA:299,7
DA:301,7
DA:302,21
DA:305,21
DA:306,21
DA:311,7
DA:312,7
DA:314,7
DA:315,7
DA:317,7
DA:318,14
DA:319,14
DA:320,14
DA:321,14
DA:325,14
DA:326,14
DA:328,14
DA:334,21
DA:335,7
DA:339,7
DA:340,7
DA:341,7
DA:342,7
DA:343,14
DA:349,7
DA:350,7
DA:351,14
DA:355,7
DA:357,7
LF:168
LH:157
BRDA:56,0,0,28
BRDA:56,0,1,14
BRDA:60,1,0,0
BRDA:60,1,1,91
BRDA:61,2,0,42
BRDA:61,2,1,49
BRDA:68,3,0,0
BRDA:68,3,1,70
BRDA:70,4,0,42
BRDA:70,4,1,28
BRDA:74,5,0,21
BRDA:74,5,1,7
BRDA:75,6,0,28
BRDA:75,6,1,28
BRDA:75,6,2,21
BRDA:94,7,0,42
BRDA:94,7,1,0
BRDA:95,8,0,7
BRDA:95,8,1,35
BRDA:100,9,0,0
BRDA:100,9,1,182
BRDA:100,10,0,182
BRDA:100,10,1,168
BRDA:101,11,0,182
BRDA:101,11,1,14
BRDA:113,12,0,21
BRDA:113,12,1,70
BRDA:116,13,0,7
BRDA:116,13,1,63
BRDA:123,14,0,7
BRDA:123,14,1,56
BRDA:128,15,0,14
BRDA:128,15,1,42
BRDA:129,16,0,7
BRDA:129,16,1,7
BRDA:130,17,0,14
BRDA:130,17,1,7
BRDA:140,18,0,7
BRDA:140,18,1,35
BRDA:143,19,0,7
BRDA:143,19,1,84
BRDA:150,20,0,28
BRDA:150,20,1,7
BRDA:153,21,0,0
BRDA:153,21,1,28
BRDA:160,22,0,7
BRDA:160,22,1,0
BRDA:166,23,0,7
BRDA:166,23,1,0
BRDA:176,24,0,7
BRDA:176,24,1,7
BRDA:176,24,2,7
BRDA:176,24,3,0
BRDA:176,24,4,7
BRDA:176,24,5,0
BRDA:176,24,6,0
BRDA:211,25,0,14
BRDA:211,25,1,0
BRDA:218,26,0,7
BRDA:218,26,1,0
BRDA:238,27,0,2
BRDA:238,27,1,9
BRDA:240,28,0,0
BRDA:240,28,1,9
BRDA:241,29,0,0
BRDA:241,29,1,0
BRDA:242,30,0,0
BRDA:242,30,1,0
BRDA:244,31,0,0
BRDA:244,31,1,9
BRDA:267,32,0,7
BRDA:267,32,1,0
BRDA:268,33,0,7
BRDA:268,33,1,0
BRDA:275,34,0,28
BRDA:275,34,1,35
BRDA:276,35,0,28
BRDA:276,35,1,14
BRDA:284,36,0,28
BRDA:284,36,1,0
BRDA:289,37,0,14
BRDA:289,37,1,49
BRDA:292,38,0,7
BRDA:292,38,1,56
BRDA:302,39,0,21
BRDA:302,39,1,0
BRDA:306,40,0,7
BRDA:306,40,1,14
BRDA:307,41,0,21
BRDA:307,41,1,14
BRDA:307,41,2,7
BRDA:318,42,0,14
BRDA:318,42,1,0
BRDA:319,43,0,14
BRDA:319,43,1,0
BRDA:321,44,0,14
BRDA:321,44,1,14
BRDA:334,45,0,7
BRDA:334,45,1,14
BRF:99
BRH:75
end_of_record
TN:
SF:src/adaptation/react-router.ts
FN:55,isSourceFile
FN:56,(anonymous_1)
FN:59,shouldIgnoreEntry
FN:69,(anonymous_3)
FN:72,walkFiles
FN:94,uniqueSorted
FN:98,uniqueNumbers
FN:99,(anonymous_7)
FN:102,routeFamily
FN:107,normalizeRoute
FN:112,extractRouteJsxPaths
FN:113,(anonymous_11)
FN:116,extractRouteConfigPaths
FN:117,(anonymous_13)
FN:120,extractSelectors
FN:136,extractFetchEndpoints
FN:157,canScanReactRouterRepo
FN:169,scanReactRouterRepo
FN:209,(anonymous_18)
FN:215,(anonymous_19)
FNF:20
FNH:19
FNDA:38,isSourceFile
FNDA:67,(anonymous_1)
FNDA:80,shouldIgnoreEntry
FNDA:340,(anonymous_3)
FNDA:20,walkFiles
FNDA:85,uniqueSorted
FNDA:15,uniqueNumbers
FNDA:0,(anonymous_7)
FNDA:57,routeFamily
FNDA:171,normalizeRoute
FNDA:58,extractRouteJsxPaths
FNDA:28,(anonymous_11)
FNDA:58,extractRouteConfigPaths
FNDA:86,(anonymous_13)
FNDA:29,extractSelectors
FNDA:29,extractFetchEndpoints
FNDA:2,canScanReactRouterRepo
FNDA:8,scanReactRouterRepo
FNDA:15,(anonymous_18)
FNDA:7,(anonymous_19)
DA:9,5
DA:10,5
DA:31,5
DA:40,5
DA:43,5
DA:44,5
DA:47,5
DA:48,5
DA:49,5
DA:53,5
DA:56,67
DA:60,80
DA:61,2
DA:63,78
DA:64,10
DA:66,68
DA:67,0
DA:69,340
DA:73,20
DA:75,20
DA:76,46
DA:77,2
DA:80,44
DA:81,44
DA:82,10
DA:83,10
DA:86,34
DA:87,34
DA:91,20
DA:95,85
DA:99,15
DA:103,57
DA:104,57
DA:108,171
DA:109,171
DA:113,58
DA:117,86
DA:121,29
DA:123,29
DA:124,15
DA:126,29
DA:127,0
DA:129,29
DA:130,7
DA:133,29
DA:143,29
DA:144,15
DA:145,15
DA:146,15
DA:152,15
DA:153,15
DA:158,2
DA:159,4
DA:161,4
DA:162,4
DA:163,1
DA:166,1
DA:170,8
DA:171,8
DA:172,8
DA:176,8
DA:177,8
DA:179,8
DA:180,29
DA:183,29
DA:186,29
DA:189,29
DA:192,29
DA:195,29
DA:196,57
DA:197,7
DA:199,57
DA:200,7
DA:205,8
DA:206,8
DA:207,8
DA:208,8
DA:209,15
DA:215,7
DA:217,8
LF:80
LH:78
BRDA:60,0,0,2
BRDA:60,0,1,78
BRDA:63,1,0,10
BRDA:63,1,1,68
BRDA:66,2,0,0
BRDA:66,2,1,68
BRDA:76,3,0,2
BRDA:76,3,1,44
BRDA:81,4,0,10
BRDA:81,4,1,34
BRDA:86,5,0,34
BRDA:86,5,1,0
BRDA:86,6,0,34
BRDA:86,6,1,34
BRDA:86,6,2,34
BRDA:103,7,0,57
BRDA:103,7,1,0
BRDA:104,8,0,7
BRDA:104,8,1,50
BRDA:109,9,0,171
BRDA:109,9,1,21
BRDA:144,10,0,15
BRDA:144,10,1,0
BRDA:145,11,0,15
BRDA:145,11,1,8
BRDA:146,12,0,15
BRDA:146,12,1,15
BRDA:159,13,0,0
BRDA:159,13,1,4
BRDA:161,14,0,4
BRDA:161,14,1,0
BRDA:162,15,0,1
BRDA:162,15,1,3
BRDA:180,16,0,29
BRDA:180,16,1,0
BRDA:196,17,0,7
BRDA:196,17,1,50
BRDA:199,18,0,7
BRDA:199,18,1,50
BRF:39
BRH:32
end_of_record
TN:
SF:src/adaptation/remix.ts
FN:33,toPosix
FN:37,walkFiles
FN:54,uniqueSorted
FN:58,normalizeRoute
FN:63,routeFamily
FN:79,routeFromFileName
FN:105,extractStableSelectors
FN:118,extractStatusCodes
FN:120,(anonymous_8)
FN:121,(anonymous_9)
FN:122,(anonymous_10)
FN:124,(anonymous_11)
FN:124,(anonymous_12)
FN:127,extractMethods
FN:134,canScanRemixRepo
FN:162,scanRemixRepo
FN:211,(anonymous_16)
FN:217,(anonymous_17)
FN:241,(anonymous_18)
FN:248,(anonymous_19)
FN:256,(anonymous_20)
FN:262,(anonymous_21)
FN:263,(anonymous_22)
FN:269,(anonymous_23)
FN:284,(anonymous_24)
FN:301,(anonymous_25)
FNF:26
FNH:23
FNDA:98,toPosix
FNDA:39,walkFiles
FNDA:77,uniqueSorted
FNDA:49,normalizeRoute
FNDA:42,routeFamily
FNDA:49,routeFromFileName
FNDA:49,extractStableSelectors
FNDA:63,extractStatusCodes
FNDA:14,(anonymous_8)
FNDA:42,(anonymous_9)
FNDA:28,(anonymous_10)
FNDA:56,(anonymous_11)
FNDA:28,(anonymous_12)
FNDA:21,extractMethods
FNDA:12,canScanRemixRepo
FNDA:7,scanRemixRepo
FNDA:7,(anonymous_16)
FNDA:0,(anonymous_17)
FNDA:21,(anonymous_18)
FNDA:21,(anonymous_19)
FNDA:49,(anonymous_20)
FNDA:42,(anonymous_21)
FNDA:42,(anonymous_22)
FNDA:28,(anonymous_23)
FNDA:0,(anonymous_24)
FNDA:0,(anonymous_25)
DA:9,5
DA:10,5
DA:11,5
DA:12,5
DA:13,5
DA:14,5
DA:15,5
DA:16,5
DA:17,5
DA:18,5
DA:20,5
DA:34,98
DA:38,39
DA:40,39
DA:41,98
DA:43,98
DA:44,98
DA:45,28
DA:46,70
DA:47,70
DA:51,39
DA:55,77
DA:59,49
DA:60,49
DA:64,42
DA:65,42
DA:66,35
DA:67,35
DA:81,49
DA:84,49
DA:86,49
DA:87,49
DA:89,84
DA:92,77
DA:95,77
DA:96,7
DA:98,70
DA:102,49
DA:106,49
DA:107,49
DA:108,28
DA:109,28
DA:110,7
DA:112,21
DA:115,49
DA:119,63
DA:120,14
DA:121,42
DA:122,28
DA:124,63
DA:128,21
DA:129,21
DA:130,21
DA:131,21
DA:135,12
DA:137,12
DA:138,0
DA:140,12
DA:141,0
DA:145,12
DA:146,12
DA:147,12
DA:149,4
DA:150,4
DA:151,13
DA:152,11
DA:153,13
DA:159,2
DA:163,7
DA:164,7
DA:166,7
DA:169,7
DA:170,7
DA:172,7
DA:173,49
DA:175,49
DA:177,49
DA:178,42
DA:181,49
DA:182,49
DA:187,7
DA:188,7
DA:193,7
DA:194,42
DA:195,42
DA:196,42
DA:197,42
DA:198,42
DA:199,42
DA:201,42
DA:202,21
DA:206,42
DA:207,21
DA:208,21
DA:209,21
DA:210,21
DA:211,7
DA:214,21
DA:215,21
DA:216,0
DA:217,0
DA:218,0
DA:219,0
DA:224,21
DA:234,42
DA:239,7
DA:240,7
DA:241,21
DA:248,21
DA:251,7
DA:252,7
DA:255,7
DA:257,49
DA:262,42
DA:263,42
DA:266,7
DA:267,7
DA:268,42
DA:269,42
DA:270,28
DA:272,42
DA:274,7
DA:275,7
DA:276,7
DA:280,7
DA:281,7
DA:282,7
DA:283,7
DA:284,0
DA:285,0
DA:288,7
DA:292,7
DA:302,0
LF:133
LH:124
BRDA:41,0,0,0
BRDA:41,0,1,98
BRDA:44,1,0,28
BRDA:44,1,1,70
BRDA:46,2,0,70
BRDA:46,2,1,0
BRDA:60,3,0,49
BRDA:60,3,1,7
BRDA:65,4,0,7
BRDA:65,4,1,35
BRDA:65,5,0,42
BRDA:65,5,1,42
BRDA:67,6,0,35
BRDA:67,6,1,0
BRDA:89,7,0,7
BRDA:89,7,1,77
BRDA:92,8,0,0
BRDA:92,8,1,77
BRDA:95,9,0,7
BRDA:95,9,1,70
BRDA:109,10,0,7
BRDA:109,10,1,21
BRDA:129,11,0,21
BRDA:129,11,1,0
BRDA:130,12,0,7
BRDA:130,12,1,14
BRDA:137,13,0,0
BRDA:137,13,1,12
BRDA:140,14,0,0
BRDA:140,14,1,12
BRDA:147,15,0,8
BRDA:147,15,1,4
BRDA:151,16,0,2
BRDA:151,16,1,11
BRDA:152,17,0,11
BRDA:152,17,1,0
BRDA:153,18,0,2
BRDA:153,18,1,11
BRDA:175,19,0,0
BRDA:175,19,1,49
BRDA:177,20,0,42
BRDA:177,20,1,7
BRDA:177,21,0,49
BRDA:177,21,1,42
BRDA:181,22,0,49
BRDA:181,22,1,0
BRDA:195,23,0,42
BRDA:195,23,1,0
BRDA:201,24,0,21
BRDA:201,24,1,21
BRDA:206,25,0,21
BRDA:206,25,1,21
BRDA:206,26,0,42
BRDA:206,26,1,21
BRDA:206,26,2,0
BRDA:215,27,0,0
BRDA:215,27,1,21
BRDA:218,28,0,0
BRDA:218,28,1,0
BRDA:234,29,0,14
BRDA:234,29,1,28
BRDA:234,30,0,42
BRDA:234,30,1,21
BRDA:234,30,2,14
BRDA:257,31,0,49
BRDA:257,31,1,0
BRDA:268,32,0,42
BRDA:268,32,1,0
BRDA:270,33,0,28
BRDA:270,33,1,21
BRDA:272,34,0,35
BRDA:272,34,1,7
BRDA:283,35,0,0
BRDA:283,35,1,7
BRF:74
BRH:56
end_of_record
TN:
SF:src/adaptation/repo-scan.ts
FN:58,uniqueSorted
FN:62,emptyRepoHints
FN:76,mergeRepoHints
FN:84,(anonymous_3)
FN:85,(anonymous_4)
FN:90,(anonymous_5)
FN:98,(anonymous_6)
FN:108,(anonymous_7)
FN:119,(anonymous_8)
FN:125,loadHintsOverride
FN:142,detectFramework
FN:279,scanRepository
FNF:12
FNH:4
FNDA:0,uniqueSorted
FNDA:0,emptyRepoHints
FNDA:16,mergeRepoHints
FNDA:0,(anonymous_3)
FNDA:0,(anonymous_4)
FNDA:0,(anonymous_5)
FNDA:0,(anonymous_6)
FNDA:0,(anonymous_7)
FNDA:0,(anonymous_8)
FNDA:16,loadHintsOverride
FNDA:13,detectFramework
FNDA:16,scanRepository
DA:28,4
DA:34,4
DA:59,0
DA:63,0
DA:77,16
DA:79,0
DA:85,0
DA:86,0
DA:87,0
DA:90,0
DA:94,0
DA:97,0
DA:98,0
DA:99,0
DA:101,0
DA:102,0
DA:106,0
DA:108,0
DA:120,0
DA:126,16
DA:128,0
DA:129,0
DA:130,0
DA:133,0
DA:134,0
DA:135,0
DA:139,0
DA:144,13
DA:145,12
DA:146,11
DA:148,10
DA:150,9
DA:151,8
DA:154,7
DA:163,7
DA:165,7
DA:166,7
DA:167,7
DA:168,7
DA:169,7
DA:170,7
DA:172,7
DA:173,1
DA:176,7
DA:177,7
DA:178,7
DA:207,7
DA:208,7
DA:209,18
DA:210,18
DA:211,35
DA:212,35
DA:214,35
DA:215,11
DA:216,11
DA:219,24
DA:221,24
DA:222,24
DA:223,24
DA:224,35
DA:226,35
DA:229,21
DA:230,4
DA:231,4
DA:232,4
DA:233,1
DA:236,4
DA:237,1
DA:238,3
DA:239,0
DA:240,0
DA:241,0
DA:244,4
DA:248,17
DA:249,35
DA:250,1
DA:252,17
DA:253,1
DA:255,17
DA:259,2
DA:261,17
DA:262,1
DA:270,7
DA:271,6
DA:272,5
DA:273,4
DA:274,3
DA:275,2
DA:276,1
DA:280,16
DA:281,16
DA:284,16
DA:286,3
DA:287,3
DA:289,1
DA:290,1
DA:292,1
DA:293,1
DA:295,1
DA:296,1
DA:298,1
DA:299,1
DA:301,1
DA:302,1
DA:304,1
DA:305,1
DA:307,1
DA:308,1
DA:310,1
DA:311,1
DA:313,1
DA:314,1
DA:316,1
DA:317,1
DA:319,1
DA:320,1
DA:322,2
DA:323,2
DA:325,0
DA:326,0
DA:329,16
LF:121
LH:93
BRDA:77,0,0,16
BRDA:77,0,1,0
BRDA:80,1,0,0
BRDA:80,1,1,0
BRDA:81,2,0,16
BRDA:81,2,1,0
BRDA:82,3,0,16
BRDA:82,3,1,0
BRDA:83,4,0,16
BRDA:83,4,1,0
BRDA:86,5,0,0
BRDA:86,5,1,0
BRDA:92,6,0,0
BRDA:92,6,1,0
BRDA:101,7,0,0
BRDA:101,7,1,0
BRDA:103,8,0,0
BRDA:103,8,1,0
BRDA:104,9,0,0
BRDA:104,9,1,0
BRDA:112,10,0,16
BRDA:112,10,1,0
BRDA:116,11,0,16
BRDA:116,11,1,0
BRDA:119,12,0,16
BRDA:119,12,1,0
BRDA:126,13,0,16
BRDA:126,13,1,0
BRDA:129,14,0,0
BRDA:129,14,1,0
BRDA:134,15,0,0
BRDA:134,15,1,0
BRDA:144,16,0,1
BRDA:144,16,1,12
BRDA:145,17,0,1
BRDA:145,17,1,11
BRDA:146,18,0,1
BRDA:146,18,1,10
BRDA:148,19,0,1
BRDA:148,19,1,9
BRDA:150,20,0,1
BRDA:150,20,1,8
BRDA:151,21,0,1
BRDA:151,21,1,7
BRDA:172,22,0,1
BRDA:172,22,1,6
BRDA:211,23,0,0
BRDA:211,23,1,35
BRDA:214,24,0,11
BRDA:214,24,1,24
BRDA:219,25,0,0
BRDA:219,25,1,24
BRDA:223,26,0,24
BRDA:223,26,1,24
BRDA:226,27,0,3
BRDA:226,27,1,32
BRDA:226,28,0,35
BRDA:226,28,1,7
BRDA:229,29,0,4
BRDA:229,29,1,17
BRDA:230,30,0,4
BRDA:230,30,1,0
BRDA:231,31,0,4
BRDA:231,31,1,0
BRDA:232,32,0,1
BRDA:232,32,1,3
BRDA:236,33,0,1
BRDA:236,33,1,3
BRDA:238,34,0,0
BRDA:238,34,1,3
BRDA:239,35,0,0
BRDA:239,35,1,0
BRDA:240,36,0,0
BRDA:240,36,1,0
BRDA:248,37,0,17
BRDA:248,37,1,0
BRDA:249,38,0,1
BRDA:249,38,1,34
BRDA:249,39,0,35
BRDA:249,39,1,13
BRDA:252,40,0,1
BRDA:252,40,1,16
BRDA:252,41,0,17
BRDA:252,41,1,16
BRDA:255,42,0,2
BRDA:255,42,1,15
BRDA:256,43,0,17
BRDA:256,43,1,13
BRDA:256,43,2,12
BRDA:261,44,0,1
BRDA:261,44,1,16
BRDA:261,45,0,17
BRDA:261,45,1,17
BRDA:270,46,0,1
BRDA:270,46,1,6
BRDA:271,47,0,1
BRDA:271,47,1,5
BRDA:272,48,0,1
BRDA:272,48,1,4
BRDA:273,49,0,1
BRDA:273,49,1,3
BRDA:274,50,0,1
BRDA:274,50,1,2
BRDA:275,51,0,1
BRDA:275,51,1,1
BRDA:281,52,0,13
BRDA:281,52,1,3
BRDA:284,53,0,3
BRDA:284,53,1,1
BRDA:284,53,2,1
BRDA:284,53,3,1
BRDA:284,53,4,1
BRDA:284,53,5,1
BRDA:284,53,6,1
BRDA:284,53,7,1
BRDA:284,53,8,1
BRDA:284,53,9,1
BRDA:284,53,10,1
BRDA:284,53,11,1
BRDA:284,53,12,2
BRDA:284,53,13,0
BRF:121
BRH:86
end_of_record
TN:
SF:src/adaptation/sveltekit.ts
FN:37,toPosix
FN:41,walkFiles
FN:60,uniqueSorted
FN:64,normalizeRoute
FN:69,routeFamily
FN:79,stripRouteGroups
FN:80,(anonymous_6)
FN:85,convertParam
FN:98,routeFromFile
FN:106,extractQueryRoutes
FN:114,extractStableSelectors
FN:129,extractStatusCodes
FN:131,(anonymous_12)
FN:132,(anonymous_13)
FN:134,(anonymous_14)
FN:137,extractRouteMethods
FN:147,extractApiEndpoints
FN:149,(anonymous_17)
FN:157,(anonymous_18)
FN:161,(anonymous_19)
FN:164,extractExpectedHttpNoise
FN:169,(anonymous_21)
FN:181,(anonymous_22)
FN:184,canScanSvelteKitRepo
FN:200,scanSvelteKitRepo
FN:203,(anonymous_25)
FN:209,(anonymous_26)
FN:210,(anonymous_27)
FN:212,(anonymous_28)
FN:213,(anonymous_29)
FN:215,(anonymous_30)
FN:216,(anonymous_31)
FN:219,(anonymous_32)
FN:220,(anonymous_33)
FN:221,(anonymous_34)
FN:222,(anonymous_35)
FN:228,(anonymous_36)
FN:241,(anonymous_37)
FN:242,(anonymous_38)
FNF:39
FNH:39
FNDA:133,toPosix
FNDA:70,walkFiles
FNDA:105,uniqueSorted
FNDA:77,normalizeRoute
FNDA:42,routeFamily
FNDA:77,stripRouteGroups
FNDA:154,(anonymous_6)
FNDA:147,convertParam
FNDA:77,routeFromFile
FNDA:49,extractQueryRoutes
FNDA:28,extractStableSelectors
FNDA:42,extractStatusCodes
FNDA:42,(anonymous_12)
FNDA:42,(anonymous_13)
FNDA:84,(anonymous_14)
FNDA:21,extractRouteMethods
FNDA:7,extractApiEndpoints
FNDA:21,(anonymous_17)
FNDA:7,(anonymous_18)
FNDA:14,(anonymous_19)
FNDA:7,extractExpectedHttpNoise
FNDA:42,(anonymous_21)
FNDA:7,(anonymous_22)
FNDA:14,canScanSvelteKitRepo
FNDA:7,scanSvelteKitRepo
FNDA:56,(anonymous_25)
FNDA:56,(anonymous_26)
FNDA:21,(anonymous_27)
FNDA:56,(anonymous_28)
FNDA:21,(anonymous_29)
FNDA:56,(anonymous_30)
FNDA:28,(anonymous_31)
FNDA:21,(anonymous_32)
FNDA:21,(anonymous_33)
FNDA:21,(anonymous_34)
FNDA:28,(anonymous_35)
FNDA:28,(anonymous_36)
FNDA:42,(anonymous_37)
FNDA:42,(anonymous_38)
DA:9,5
DA:10,5
DA:11,5
DA:12,5
DA:13,5
DA:14,5
DA:15,5
DA:16,5
DA:18,5
DA:20,5
DA:21,5
DA:23,5
DA:38,133
DA:42,70
DA:44,70
DA:45,119
DA:46,0
DA:49,119
DA:50,119
DA:51,63
DA:52,56
DA:53,56
DA:57,70
DA:61,105
DA:65,77
DA:66,77
DA:70,42
DA:71,42
DA:72,7
DA:75,35
DA:76,35
DA:80,77
DA:81,154
DA:86,147
DA:87,0
DA:89,147
DA:90,0
DA:92,147
DA:93,21
DA:95,126
DA:99,77
DA:100,77
DA:101,77
DA:102,77
DA:103,77
DA:107,49
DA:108,49
DA:109,0
DA:111,49
DA:115,28
DA:117,28
DA:118,28
DA:119,28
DA:120,7
DA:122,21
DA:126,28
DA:130,42
DA:131,42
DA:132,42
DA:134,84
DA:138,21
DA:140,21
DA:141,35
DA:144,21
DA:148,7
DA:150,21
DA:151,21
DA:157,7
DA:161,14
DA:165,7
DA:167,7
DA:168,21
DA:169,21
DA:170,42
DA:173,21
DA:175,14
DA:181,7
DA:185,14
DA:186,14
DA:190,2
DA:192,12
DA:193,12
DA:194,14
DA:196,0
DA:201,7
DA:202,7
DA:203,56
DA:208,7
DA:209,56
DA:210,21
DA:211,7
DA:212,56
DA:213,21
DA:214,7
DA:215,56
DA:216,28
DA:218,7
DA:219,21
DA:220,21
DA:221,21
DA:223,28
DA:227,7
DA:229,28
DA:232,7
DA:233,7
DA:235,7
DA:241,42
DA:242,42
LF:108
LH:103
BRDA:45,0,0,0
BRDA:45,0,1,119
BRDA:50,1,0,63
BRDA:50,1,1,56
BRDA:52,2,0,56
BRDA:52,2,1,0
BRDA:66,3,0,77
BRDA:66,3,1,7
BRDA:71,4,0,7
BRDA:71,4,1,35
BRDA:71,5,0,42
BRDA:71,5,1,42
BRDA:76,6,0,35
BRDA:76,6,1,0
BRDA:81,7,0,154
BRDA:81,7,1,147
BRDA:81,8,0,147
BRDA:81,8,1,0
BRDA:86,9,0,0
BRDA:86,9,1,147
BRDA:86,10,0,147
BRDA:86,10,1,0
BRDA:89,11,0,0
BRDA:89,11,1,147
BRDA:89,12,0,147
BRDA:89,12,1,0
BRDA:92,13,0,21
BRDA:92,13,1,126
BRDA:92,14,0,147
BRDA:92,14,1,21
BRDA:119,15,0,7
BRDA:119,15,1,21
BRDA:141,16,0,35
BRDA:141,16,1,35
BRDA:150,17,0,21
BRDA:150,17,1,0
BRDA:155,18,0,21
BRDA:155,18,1,7
BRDA:168,19,0,21
BRDA:168,19,1,0
BRDA:170,20,0,42
BRDA:170,20,1,28
BRDA:173,21,0,7
BRDA:173,21,1,14
BRDA:186,22,0,2
BRDA:186,22,1,12
BRDA:186,23,0,14
BRDA:186,23,1,12
BRDA:193,24,0,12
BRDA:193,24,1,12
BRDA:215,25,0,56
BRDA:215,25,1,49
BRDA:221,26,0,21
BRDA:221,26,1,0
BRDA:223,27,0,28
BRDA:223,27,1,0
BRDA:229,28,0,28
BRDA:229,28,1,0
BRF:58
BRH:45
end_of_record
TN:
SF:src/adaptation/tanstack-router.ts
FN:55,isSourceFile
FN:56,(anonymous_1)
FN:59,shouldIgnoreEntry
FN:69,(anonymous_3)
FN:72,walkFiles
FN:94,uniqueSorted
FN:98,uniqueNumbers
FN:99,(anonymous_7)
FN:102,routeFamily
FN:107,normalizeRoute
FN:112,extractRouteConfigPaths
FN:113,(anonymous_11)
FN:116,extractCreateFileRoutePaths
FN:117,(anonymous_13)
FN:125,filePathToRoute
FN:168,findRoutesDirectories
FN:184,extractFileBasedRoutes
FN:199,extractSelectors
FN:215,extractFetchEndpoints
FN:236,canScanTanStackRouterRepo
FN:248,scanTanStackRouterRepo
FN:304,(anonymous_21)
FN:310,(anonymous_22)
FNF:23
FNH:22
FNDA:95,isSourceFile
FNDA:179,(anonymous_1)
FNDA:180,shouldIgnoreEntry
FNDA:700,(anonymous_3)
FNDA:56,walkFiles
FNDA:84,uniqueSorted
FNDA:14,uniqueNumbers
FNDA:0,(anonymous_7)
FNDA:35,routeFamily
FNDA:168,normalizeRoute
FNDA:84,extractRouteConfigPaths
FNDA:56,(anonymous_11)
FNDA:84,extractCreateFileRoutePaths
FNDA:42,(anonymous_13)
FNDA:21,filePathToRoute
FNDA:7,findRoutesDirectories
FNDA:7,extractFileBasedRoutes
FNDA:42,extractSelectors
FNDA:42,extractFetchEndpoints
FNDA:2,canScanTanStackRouterRepo
FNDA:7,scanTanStackRouterRepo
FNDA:14,(anonymous_21)
FNDA:7,(anonymous_22)
DA:9,5
DA:10,5
DA:31,5
DA:40,5
DA:43,5
DA:44,5
DA:47,5
DA:48,5
DA:49,5
DA:53,5
DA:56,179
DA:60,180
DA:61,0
DA:63,180
DA:64,40
DA:66,140
DA:67,0
DA:69,700
DA:73,56
DA:75,56
DA:76,110
DA:77,0
DA:80,110
DA:81,110
DA:82,40
DA:83,40
DA:86,70
DA:87,70
DA:91,56
DA:95,84
DA:99,14
DA:103,35
DA:104,35
DA:108,168
DA:109,168
DA:113,84
DA:117,84
DA:127,21
DA:130,21
DA:133,21
DA:134,7
DA:138,14
DA:139,0
DA:142,14
DA:143,14
DA:145,14
DA:147,21
DA:148,0
DA:152,21
DA:153,0
DA:157,21
DA:158,0
DA:159,0
DA:162,21
DA:165,14
DA:169,7
DA:170,7
DA:172,7
DA:173,14
DA:174,14
DA:175,14
DA:181,7
DA:185,7
DA:187,7
DA:188,7
DA:189,21
DA:191,21
DA:192,21
DA:196,7
DA:200,42
DA:202,42
DA:203,14
DA:205,42
DA:206,0
DA:208,42
DA:209,7
DA:212,42
DA:222,42
DA:223,21
DA:224,21
DA:225,21
DA:231,21
DA:232,21
DA:237,2
DA:238,4
DA:240,4
DA:241,4
DA:242,1
DA:245,1
DA:249,7
DA:250,7
DA:251,7
DA:255,7
DA:256,7
DA:258,7
DA:259,42
DA:262,42
DA:265,42
DA:268,42
DA:271,42
DA:274,42
DA:278,49
DA:279,7
DA:281,49
DA:282,7
DA:288,7
DA:289,7
DA:291,7
DA:292,21
DA:293,0
DA:295,21
DA:296,0
DA:300,7
DA:301,7
DA:302,7
DA:303,7
DA:304,14
DA:310,7
DA:312,7
LF:119
LH:108
BRDA:60,0,0,0
BRDA:60,0,1,180
BRDA:63,1,0,40
BRDA:63,1,1,140
BRDA:66,2,0,0
BRDA:66,2,1,140
BRDA:76,3,0,0
BRDA:76,3,1,110
BRDA:81,4,0,40
BRDA:81,4,1,70
BRDA:86,5,0,70
BRDA:86,5,1,0
BRDA:86,6,0,70
BRDA:86,6,1,70
BRDA:86,6,2,70
BRDA:103,7,0,35
BRDA:103,7,1,0
BRDA:104,8,0,7
BRDA:104,8,1,28
BRDA:109,9,0,168
BRDA:109,9,1,28
BRDA:133,10,0,7
BRDA:133,10,1,14
BRDA:138,11,0,0
BRDA:138,11,1,14
BRDA:147,12,0,0
BRDA:147,12,1,21
BRDA:152,13,0,0
BRDA:152,13,1,21
BRDA:157,14,0,0
BRDA:157,14,1,21
BRDA:165,15,0,0
BRDA:165,15,1,14
BRDA:189,16,0,0
BRDA:189,16,1,21
BRDA:223,17,0,21
BRDA:223,17,1,0
BRDA:224,18,0,21
BRDA:224,18,1,14
BRDA:225,19,0,21
BRDA:225,19,1,14
BRDA:238,20,0,0
BRDA:238,20,1,4
BRDA:240,21,0,4
BRDA:240,21,1,0
BRDA:241,22,0,1
BRDA:241,22,1,3
BRDA:259,23,0,42
BRDA:259,23,1,0
BRDA:278,24,0,7
BRDA:278,24,1,42
BRDA:281,25,0,7
BRDA:281,25,1,42
BRDA:292,26,0,0
BRDA:292,26,1,21
BRDA:295,27,0,0
BRDA:295,27,1,21
BRF:57
BRH:40
end_of_record
TN:
SF:src/adaptation/types.ts
FNF:0
FNH:0
LF:0
LH:0
BRF:0
BRH:0
end_of_record
TN:
SF:src/adaptation/vue-router.ts
FN:57,isSourceFile
FN:58,(anonymous_1)
FN:61,shouldIgnoreEntry
FN:71,(anonymous_3)
FN:74,walkFiles
FN:96,uniqueSorted
FN:100,uniqueNumbers
FN:101,(anonymous_7)
FN:104,routeFamily
FN:109,normalizeRoute
FN:114,extractRouteConfigPaths
FN:115,(anonymous_11)
FN:118,extractRouterLinkPaths
FN:119,(anonymous_13)
FN:122,extractRouterPushPaths
FN:123,(anonymous_15)
FN:126,extractRouterReplacePaths
FN:127,(anonymous_17)
FN:130,extractSelectors
FN:143,extractFetchEndpoints
FN:164,extractAxiosEndpoints
FN:185,allRoutesFromContent
FN:194,canScanVueRouterRepo
FN:206,scanVueRouterRepo
FN:255,(anonymous_24)
FN:261,(anonymous_25)
FNF:26
FNH:24
FNDA:42,isSourceFile
FNDA:102,(anonymous_1)
FNDA:92,shouldIgnoreEntry
FNDA:390,(anonymous_3)
FNDA:24,walkFiles
FNDA:144,uniqueSorted
FNDA:33,uniqueNumbers
FNDA:0,(anonymous_7)
FNDA:73,routeFamily
FNDA:219,normalizeRoute
FNDA:66,extractRouteConfigPaths
FNDA:98,(anonymous_11)
FNDA:66,extractRouterLinkPaths
FNDA:32,(anonymous_13)
FNDA:66,extractRouterPushPaths
FNDA:16,(anonymous_15)
FNDA:66,extractRouterReplacePaths
FNDA:0,(anonymous_17)
FNDA:33,extractSelectors
FNDA:33,extractFetchEndpoints
FNDA:33,extractAxiosEndpoints
FNDA:33,allRoutesFromContent
FNDA:3,canScanVueRouterRepo
FNDA:9,scanVueRouterRepo
FNDA:33,(anonymous_24)
FNDA:48,(anonymous_25)
DA:9,5
DA:10,5
DA:31,5
DA:39,5
DA:40,5
DA:43,5
DA:44,5
DA:45,5
DA:46,5
DA:49,5
DA:50,5
DA:54,5
DA:55,5
DA:58,102
DA:62,92
DA:63,2
DA:65,90
DA:66,12
DA:68,78
DA:69,0
DA:71,390
DA:75,24
DA:77,24
DA:78,53
DA:79,2
DA:82,51
DA:83,51
DA:84,12
DA:85,12
DA:88,39
DA:89,39
DA:93,24
DA:97,144
DA:101,33
DA:105,73
DA:106,73
DA:110,219
DA:111,219
DA:115,98
DA:119,66
DA:123,66
DA:127,66
DA:131,33
DA:133,33
DA:134,17
DA:136,33
DA:137,8
DA:140,33
DA:150,33
DA:151,17
DA:152,17
DA:153,17
DA:159,17
DA:160,17
DA:171,33
DA:172,16
DA:173,16
DA:174,16
DA:180,16
DA:181,16
DA:186,33
DA:195,3
DA:196,3
DA:198,3
DA:199,3
DA:200,2
DA:203,1
DA:207,9
DA:208,9
DA:209,9
DA:213,9
DA:214,9
DA:216,9
DA:217,33
DA:220,33
DA:223,33
DA:226,33
DA:229,33
DA:232,33
DA:235,33
DA:238,33
DA:241,33
DA:242,73
DA:243,8
DA:245,73
DA:246,8
DA:251,9
DA:252,9
DA:253,9
DA:254,9
DA:255,33
DA:261,48
DA:263,9
LF:93
LH:92
BRDA:62,0,0,2
BRDA:62,0,1,90
BRDA:65,1,0,12
BRDA:65,1,1,78
BRDA:68,2,0,0
BRDA:68,2,1,78
BRDA:78,3,0,2
BRDA:78,3,1,51
BRDA:83,4,0,12
BRDA:83,4,1,39
BRDA:88,5,0,39
BRDA:88,5,1,0
BRDA:88,6,0,39
BRDA:88,6,1,39
BRDA:88,6,2,39
BRDA:105,7,0,73
BRDA:105,7,1,0
BRDA:106,8,0,8
BRDA:106,8,1,65
BRDA:111,9,0,219
BRDA:111,9,1,24
BRDA:151,10,0,17
BRDA:151,10,1,0
BRDA:152,11,0,17
BRDA:152,11,1,9
BRDA:153,12,0,17
BRDA:153,12,1,17
BRDA:172,13,0,16
BRDA:172,13,1,0
BRDA:173,14,0,16
BRDA:173,14,1,0
BRDA:174,15,0,16
BRDA:174,15,1,16
BRDA:196,16,0,0
BRDA:196,16,1,3
BRDA:198,17,0,3
BRDA:198,17,1,0
BRDA:199,18,0,2
BRDA:199,18,1,1
BRDA:199,19,0,3
BRDA:199,19,1,2
BRDA:217,20,0,33
BRDA:217,20,1,0
BRDA:242,21,0,8
BRDA:242,21,1,65
BRDA:245,22,0,8
BRDA:245,22,1,65
BRF:47
BRH:38
end_of_record
TN:
SF:src/adversarial/click-path.ts
FN:85,listClickPathScenarios
FN:86,(anonymous_1)
FNF:2
FNH:2
FNDA:6,listClickPathScenarios
FNDA:36,(anonymous_1)
DA:26,6
DA:86,6
DA:87,36
LF:3
LH:3
BRDA:87,0,0,36
BRDA:87,0,1,18
BRF:2
BRH:2
end_of_record
TN:
SF:src/adversarial/concurrency.ts
FN:11,listConcurrencyScenarios
FNF:1
FNH:1
FNDA:3,listConcurrencyScenarios
DA:14,3
DA:15,2
DA:18,1
LF:3
LH:3
BRDA:14,0,0,2
BRDA:14,0,1,1
BRDA:14,1,0,3
BRDA:14,1,1,1
BRF:4
BRH:4
end_of_record
TN:
SF:src/adversarial/payloads.ts
FN:40,listAdversarialPayloadFamilies
FN:48,summarizeAdversarialPayloadFamilies
FN:49,(anonymous_2)
FNF:3
FNH:3
FNDA:3,listAdversarialPayloadFamilies
FNDA:1,summarizeAdversarialPayloadFamilies
FNDA:3,(anonymous_2)
DA:14,5
DA:32,5
DA:43,3
DA:49,1
DA:50,3
LF:5
LH:5
BRDA:43,0,0,2
BRDA:43,0,1,1
BRF:2
BRH:2
end_of_record
TN:
SF:src/adversarial/scenarios.ts
FN:31,listAdversarialScenarios
FN:51,(anonymous_1)
FN:59,summarizeAdversarialScenarios
FN:63,(anonymous_3)
FNF:4
FNH:4
FNDA:3,listAdversarialScenarios
FNDA:58,(anonymous_1)
FNDA:1,summarizeAdversarialScenarios
FNDA:3,(anonymous_3)
DA:10,5
DA:35,3
DA:36,0
DA:39,3
DA:52,58
DA:63,1
DA:64,3
LF:7
LH:6
BRDA:35,0,0,0
BRDA:35,0,1,3
BRDA:53,1,0,58
BRDA:53,1,1,0
BRDA:54,2,0,58
BRDA:54,2,1,0
BRF:6
BRH:3
end_of_record
TN:
SF:src/adversarial/security.ts
FN:59,listSecurityScenarios
FN:60,(anonymous_1)
FNF:2
FNH:2
FNDA:6,listSecurityScenarios
FNDA:24,(anonymous_1)
DA:18,6
DA:60,6
DA:61,24
LF:3
LH:3
BRDA:61,0,0,24
BRDA:61,0,1,12
BRF:2
BRH:2
end_of_record
TN:
SF:src/adversarial/stateful.ts
FN:45,listStatefulScenarios
FN:46,(anonymous_1)
FNF:2
FNH:2
FNDA:3,listStatefulScenarios
FNDA:12,(anonymous_1)
DA:16,5
DA:46,3
DA:47,12
DA:50,3
DA:51,1
DA:59,3
LF:6
LH:6
BRDA:47,0,0,12
BRDA:47,0,1,8
BRDA:50,1,0,1
BRDA:50,1,1,2
BRF:4
BRH:4
end_of_record
TN:
SF:src/api/assertions.ts
FN:16,describeBody
FN:29,severityForStatus
FN:37,buildAuthBoundaryFailureArtifacts
FN:99,buildContractReplayArtifacts
FN:157,(anonymous_4)
FNF:5
FNH:5
FNDA:2,describeBody
FNDA:1,severityForStatus
FNDA:2,buildAuthBoundaryFailureArtifacts
FNDA:7,buildContractReplayArtifacts
FNDA:1,(anonymous_4)
DA:17,2
DA:18,0
DA:21,2
DA:22,2
DA:23,2
DA:25,0
DA:30,1
DA:31,0
DA:34,1
DA:43,2
DA:44,1
DA:47,1
DA:48,1
DA:49,1
DA:50,1
DA:52,1
DA:106,7
DA:107,2
DA:110,5
DA:118,5
DA:119,4
DA:122,1
DA:123,1
DA:124,1
DA:125,1
DA:127,7
DA:129,7
DA:157,1
LF:28
LH:25
BRDA:17,0,0,0
BRDA:17,0,1,2
BRDA:23,1,0,0
BRDA:23,1,1,2
BRDA:30,2,0,0
BRDA:30,2,1,1
BRDA:30,3,0,1
BRDA:30,3,1,1
BRDA:43,4,0,1
BRDA:43,4,1,1
BRDA:43,5,0,2
BRDA:43,5,1,2
BRDA:106,6,0,2
BRDA:106,6,1,5
BRDA:118,7,0,4
BRDA:118,7,1,1
BRDA:118,8,0,5
BRDA:118,8,1,1
BRDA:125,9,0,1
BRDA:125,9,1,0
BRDA:127,10,0,1
BRDA:127,10,1,0
BRDA:170,11,0,1
BRDA:170,11,1,0
BRDA:170,12,0,7
BRDA:170,12,1,1
BRF:26
BRH:20
end_of_record
TN:
SF:src/api/contract-oracle.ts
FN:15,uniqueSorted
FN:19,uniqueNumbers
FN:20,(anonymous_2)
FN:23,normalizeRoute
FN:38,buildObservedMethodSlices
FN:69,(anonymous_5)
FN:77,dedupeResponses
FN:95,severityForDeviation
FN:102,(anonymous_8)
FN:114,buildApiContractArtifacts
FN:139,(anonymous_10)
FN:142,(anonymous_11)
FN:145,(anonymous_12)
FN:149,(anonymous_13)
FN:164,(anonymous_14)
FN:182,(anonymous_15)
FN:241,(anonymous_16)
FNF:17
FNH:14
FNDA:6,uniqueSorted
FNDA:3,uniqueNumbers
FNDA:0,(anonymous_2)
FNDA:0,normalizeRoute
FNDA:5,buildObservedMethodSlices
FNDA:3,(anonymous_5)
FNDA:0,dedupeResponses
FNDA:3,severityForDeviation
FNDA:1,(anonymous_8)
FNDA:8,buildApiContractArtifacts
FNDA:5,(anonymous_10)
FNDA:4,(anonymous_11)
FNDA:1,(anonymous_12)
FNDA:1,(anonymous_13)
FNDA:1,(anonymous_14)
FNDA:3,(anonymous_15)
FNDA:1,(anonymous_16)
DA:16,6
DA:20,3
DA:24,0
DA:25,0
DA:27,0
DA:39,5
DA:40,2
DA:42,2
DA:43,3
DA:44,3
DA:50,3
DA:51,3
DA:52,0
DA:54,3
DA:55,0
DA:63,3
DA:66,2
DA:69,3
DA:80,0
DA:81,0
DA:83,0
DA:84,0
DA:85,0
DA:86,0
DA:88,0
DA:89,0
DA:92,0
DA:100,3
DA:102,1
DA:104,2
DA:107,1
DA:108,1
DA:111,0
DA:120,8
DA:121,8
DA:123,8
DA:124,5
DA:126,5
DA:127,6
DA:130,6
DA:133,6
DA:134,6
DA:135,1
DA:138,5
DA:139,5
DA:141,6
DA:142,4
DA:144,6
DA:145,6
DA:146,1
DA:147,0
DA:149,1
DA:150,1
DA:160,1
DA:161,0
DA:164,1
DA:165,1
DA:169,6
DA:175,2
DA:178,3
DA:179,3
DA:180,3
DA:181,6
DA:182,3
DA:185,6
DA:194,6
DA:203,6
DA:241,1
DA:251,8
LF:69
LH:52
BRDA:39,0,0,2
BRDA:39,0,1,3
BRDA:39,1,0,5
BRDA:39,1,1,2
BRDA:44,2,0,3
BRDA:44,2,1,3
BRDA:51,3,0,0
BRDA:51,3,1,3
BRDA:54,4,0,0
BRDA:54,4,1,3
BRDA:73,5,0,3
BRDA:73,5,1,2
BRDA:85,6,0,0
BRDA:85,6,1,0
BRDA:100,7,0,2
BRDA:100,7,1,1
BRDA:101,8,0,3
BRDA:101,8,1,2
BRDA:102,9,0,1
BRDA:102,9,1,1
BRDA:107,10,0,1
BRDA:107,10,1,0
BRDA:107,11,0,1
BRDA:107,11,1,0
BRDA:127,12,0,5
BRDA:127,12,1,1
BRDA:130,13,0,5
BRDA:130,13,1,1
BRDA:133,14,0,4
BRDA:133,14,1,2
BRDA:134,15,0,1
BRDA:134,15,1,5
BRDA:138,16,0,4
BRDA:138,16,1,1
BRDA:141,17,0,4
BRDA:141,17,1,1
BRDA:144,18,0,4
BRDA:144,18,1,1
BRDA:146,19,0,0
BRDA:146,19,1,1
BRDA:150,20,0,1
BRDA:150,20,1,0
BRDA:160,21,0,0
BRDA:160,21,1,1
BRDA:160,22,0,1
BRDA:160,22,1,1
BRDA:160,22,2,1
BRDA:169,23,0,2
BRDA:169,23,1,4
BRDA:170,24,0,6
BRDA:170,24,1,4
BRDA:170,24,2,3
BRDA:170,24,3,3
BRDA:180,25,0,3
BRDA:180,25,1,0
BRDA:182,26,0,6
BRDA:182,26,1,0
BRDA:183,27,0,6
BRDA:183,27,1,1
BRDA:187,28,0,6
BRDA:187,28,1,0
BRDA:188,29,0,0
BRDA:188,29,1,3
BRDA:189,30,0,1
BRDA:189,30,1,2
BRDA:213,31,0,6
BRDA:213,31,1,0
BRDA:217,32,0,6
BRDA:217,32,1,0
BRDA:226,33,0,1
BRDA:226,33,1,2
BRDA:226,34,0,6
BRDA:226,34,1,2
BRDA:239,35,0,2
BRDA:239,35,1,1
BRDA:239,36,0,6
BRDA:239,36,1,3
BRDA:239,36,2,2
BRF:78
BRH:63
end_of_record
TN:
SF:src/api/correlation.ts
FN:19,normalizeRoutePath
FN:27,tokenizeRoute
FN:31,(anonymous_2)
FN:32,(anonymous_3)
FN:42,computeRouteScore
FN:44,(anonymous_5)
FN:53,selectApiProbeTargets
FN:57,(anonymous_7)
FN:68,(anonymous_8)
FN:75,(anonymous_9)
FN:83,(anonymous_10)
FN:84,(anonymous_11)
FN:86,(anonymous_12)
FN:118,(anonymous_13)
FN:130,(anonymous_14)
FNF:15
FNH:12
FNDA:41,normalizeRoutePath
FNDA:25,tokenizeRoute
FNDA:41,(anonymous_2)
FNDA:41,(anonymous_3)
FNDA:16,computeRouteScore
FNDA:16,(anonymous_5)
FNDA:9,selectApiProbeTargets
FNDA:16,(anonymous_7)
FNDA:0,(anonymous_8)
FNDA:2,(anonymous_9)
FNDA:2,(anonymous_10)
FNDA:2,(anonymous_11)
FNDA:0,(anonymous_12)
FNDA:0,(anonymous_13)
FNDA:9,(anonymous_14)
DA:20,41
DA:21,41
DA:23,32
DA:28,25
DA:31,41
DA:34,41
DA:43,16
DA:44,16
DA:46,16
DA:47,16
DA:48,16
DA:50,16
DA:54,9
DA:55,9
DA:57,9
DA:58,16
DA:59,16
DA:60,16
DA:61,9
DA:62,9
DA:65,7
DA:66,16
DA:68,0
DA:69,16
DA:70,16
DA:73,9
DA:74,9
DA:75,9
DA:76,2
DA:79,9
DA:83,2
DA:84,2
DA:86,0
DA:88,9
DA:100,9
DA:101,7
DA:102,7
DA:103,0
DA:106,7
DA:117,9
DA:119,0
DA:120,0
DA:123,0
DA:124,0
DA:127,0
DA:130,9
LF:46
LH:38
BRDA:34,0,0,41
BRDA:34,0,1,25
BRDA:34,0,2,25
BRDA:34,0,3,25
BRDA:34,0,4,25
BRDA:47,1,0,16
BRDA:47,1,1,0
BRDA:48,2,0,16
BRDA:48,2,1,0
BRDA:48,3,0,16
BRDA:48,3,1,16
BRDA:60,4,0,9
BRDA:60,4,1,7
BRDA:60,5,0,16
BRDA:60,5,1,7
BRDA:65,6,0,7
BRDA:65,6,1,7
BRDA:69,7,0,7
BRDA:69,7,1,0
BRDA:70,8,0,16
BRDA:70,8,1,7
BRDA:79,9,0,2
BRDA:79,9,1,7
BRDA:79,10,0,9
BRDA:79,10,1,2
BRDA:100,11,0,9
BRDA:100,11,1,2
BRDA:102,12,0,0
BRDA:102,12,1,7
BRDA:102,13,0,7
BRDA:102,13,1,0
BRDA:113,14,0,3
BRDA:113,14,1,4
BRDA:119,15,0,0
BRDA:119,15,1,0
BRDA:123,16,0,0
BRDA:123,16,1,0
BRDA:124,17,0,0
BRDA:124,17,1,0
BRF:39
BRH:28
end_of_record
TN:
SF:src/api/diagnostics.ts
FN:16,createApiProbeDiagnostics
FN:25,recordApiProbeSuccess
FN:29,recordApiProbeFailure
FN:39,formatApiProbeSummary
FN:46,buildApiProbeDiagnosticsEvidence
FNF:5
FNH:5
FNDA:9,createApiProbeDiagnostics
FNDA:9,recordApiProbeSuccess
FNDA:2,recordApiProbeFailure
FNDA:8,formatApiProbeSummary
FNDA:8,buildApiProbeDiagnosticsEvidence
DA:7,3
DA:17,9
DA:26,9
DA:30,2
DA:31,2
DA:32,2
DA:33,0
DA:43,8
DA:50,8
DA:51,6
DA:54,2
DA:56,2
LF:12
LH:11
BRDA:32,0,0,0
BRDA:32,0,1,2
BRDA:50,1,0,6
BRDA:50,1,1,2
BRDA:59,2,0,2
BRDA:59,2,1,0
BRF:6
BRH:4
end_of_record
TN:
SF:src/api/probes.ts
FN:13,isSafeProbeMethod
FN:17,filterProbeTargets
FN:22,(anonymous_2)
FN:26,buildProbeCases
FNF:4
FNH:4
FNDA:8,isSafeProbeMethod
FNDA:9,filterProbeTargets
FNDA:9,(anonymous_2)
FNDA:8,buildProbeCases
DA:11,3
DA:14,8
DA:21,9
DA:22,9
DA:27,8
DA:29,8
DA:30,3
DA:33,8
LF:8
LH:8
BRDA:22,0,0,9
BRDA:22,0,1,8
BRDA:29,1,0,3
BRDA:29,1,1,5
BRDA:29,2,0,8
BRDA:29,2,1,3
BRF:6
BRH:6
end_of_record
TN:
SF:src/api/replay.ts
FN:6,resolveHeaders
FN:12,normalizeHeaders
FN:14,(anonymous_2)
FN:18,parseResponseBody
[...]
FNDA:1,(anonymous_13)
FNDA:1,(anonymous_14)
FNDA:5,(anonymous_15)
FNDA:2,(anonymous_16)
FNDA:0,writeGeneratedPlaywrightTests
DA:16,7
DA:24,17
DA:28,5
DA:30,2
DA:36,1
DA:40,2
DA:41,2
DA:43,0
DA:44,0
DA:46,0
DA:47,0
DA:49,0
DA:51,0
DA:55,0
DA:60,7
DA:61,7
DA:62,7
DA:65,7
DA:66,7
DA:68,7
DA:69,7
DA:70,7
DA:72,7
DA:73,4
DA:75,7
DA:76,5
DA:77,5
DA:78,7
DA:79,7
DA:80,7
DA:83,7
DA:84,7
DA:85,7
DA:86,7
DA:87,7
DA:88,7
DA:89,7
DA:94,1
DA:97,1
DA:101,7
DA:109,7
DA:111,7
DA:120,7
DA:121,2
DA:124,7
DA:126,7
DA:127,4
DA:128,5
DA:130,3
DA:131,3
DA:132,3
DA:133,5
DA:137,7
DA:138,5
DA:139,5
DA:142,2
DA:144,7
DA:146,7
DA:157,0
DA:158,0
DA:159,0
DA:162,0
DA:163,0
DA:165,0
DA:166,0
DA:169,0
LF:66
LH:51
BRDA:28,0,0,2
BRDA:28,0,1,1
BRDA:28,0,2,1
BRDA:28,0,3,1
BRDA:28,0,4,1
BRDA:28,0,5,1
BRDA:28,0,6,2
BRDA:28,0,7,0
BRDA:28,0,8,0
BRDA:30,1,0,2
BRDA:30,1,1,0
BRDA:36,2,0,1
BRDA:36,2,1,0
BRDA:40,3,0,2
BRDA:40,3,1,0
BRDA:43,4,0,0
BRDA:43,4,1,0
BRDA:46,5,0,0
BRDA:46,5,1,0
BRDA:51,6,0,0
BRDA:51,6,1,0
BRDA:62,7,0,7
BRDA:62,7,1,0
BRDA:69,8,0,7
BRDA:69,8,1,0
BRDA:70,9,0,7
BRDA:70,9,1,4
BRDA:72,10,0,3
BRDA:72,10,1,4
BRDA:78,11,0,7
BRDA:78,11,1,0
BRDA:78,11,2,0
BRDA:80,12,0,7
BRDA:80,12,1,0
BRDA:87,13,0,7
BRDA:87,13,1,0
BRDA:88,14,0,7
BRDA:88,14,1,0
BRDA:94,15,0,1
BRDA:94,15,1,0
BRDA:94,15,2,0
BRDA:126,16,0,4
BRDA:126,16,1,3
BRDA:130,17,0,3
BRDA:130,17,1,0
BRDA:137,18,0,5
BRDA:137,18,1,2
BRDA:158,19,0,0
BRDA:158,19,1,0
BRF:49
BRH:26
end_of_record
TN:
SF:src/repro/repro.ts
FN:20,buildReproArtifact
FN:31,buildFindingMeta
FN:39,buildAgentFindingMeta
FN:49,buildAutoCaptureFindingMeta
FN:59,buildConfirmedFindingMeta
FNF:5
FNH:5
FNDA:43,buildReproArtifact
FNDA:43,buildFindingMeta
FNDA:8,buildAgentFindingMeta
FNDA:17,buildAutoCaptureFindingMeta
FNDA:18,buildConfirmedFindingMeta
DA:21,43
DA:32,43
DA:42,8
DA:52,17
DA:62,18
LF:5
LH:5
BRDA:25,0,0,43
BRDA:25,0,1,1
BRDA:26,1,0,43
BRDA:26,1,1,35
BRDA:27,2,0,43
BRDA:27,2,1,0
BRDA:45,3,0,8
BRDA:45,3,1,2
BRDA:55,4,0,17
BRDA:55,4,1,0
BRDA:65,5,0,18
BRDA:65,5,1,16
BRF:12
BRH:10
end_of_record
TN:
SF:src/spec/ajv.ts
FN:21,formatError
FN:26,validateJsonSchema
FN:39,(anonymous_2)
FN:49,(anonymous_3)
FNF:4
FNH:4
FNDA:3,formatError
FNDA:7,validateJsonSchema
FNDA:3,(anonymous_2)
FNDA:3,(anonymous_3)
DA:8,6
DA:12,6
DA:14,6
DA:19,6
DA:22,3
DA:23,3
DA:30,7
DA:31,3
DA:37,4
DA:39,4
DA:41,3
DA:42,3
DA:43,3
DA:46,7
DA:47,7
DA:49,3
LF:16
LH:16
BRDA:22,0,0,3
BRDA:22,0,1,3
BRDA:23,1,0,3
BRDA:23,1,1,0
BRDA:30,2,0,3
BRDA:30,2,1,4
BRDA:39,3,0,4
BRDA:39,3,1,3
BRDA:49,4,0,1
BRDA:49,4,1,3
BRDA:49,5,0,3
BRDA:49,5,1,0
BRF:12
BRH:10
end_of_record
TN:
SF:src/spec/contract-index.ts
FN:13,isDynamicSegment
FN:17,routeMatches
FN:25,(anonymous_2)
FN:33,createContractIndex
FN:48,matchContractOperation
FN:59,(anonymous_5)
FN:64,matchContractOperationsForRoute
FN:68,(anonymous_7)
FN:71,summarizeContractIndex
FN:72,(anonymous_9)
FN:84,validateOperationResponse
FNF:11
FNH:11
FNDA:21,isDynamicSegment
FNDA:9,routeMatches
FNDA:21,(anonymous_2)
FNDA:13,createContractIndex
FNDA:14,matchContractOperation
FNDA:3,(anonymous_5)
FNDA:5,matchContractOperationsForRoute
FNDA:7,(anonymous_7)
FNDA:1,summarizeContractIndex
FNDA:1,(anonymous_9)
FNDA:7,validateOperationResponse
DA:14,21
DA:18,9
DA:19,9
DA:21,9
DA:22,0
DA:25,9
DA:26,21
DA:27,3
DA:29,18
DA:34,13
DA:36,13
DA:37,13
DA:38,14
DA:42,13
DA:53,14
DA:54,14
DA:55,14
DA:56,11
DA:59,3
DA:60,3
DA:68,7
DA:72,1
DA:73,1
DA:80,1
DA:91,7
DA:92,7
DA:93,0
DA:100,7
DA:101,7
DA:102,7
DA:103,0
DA:111,7
DA:112,7
LF:33
LH:30
BRDA:14,0,0,21
BRDA:14,0,1,18
BRDA:14,0,2,18
BRDA:21,1,0,0
BRDA:21,1,1,9
BRDA:26,2,0,3
BRDA:26,2,1,18
BRDA:55,3,0,11
BRDA:55,3,1,3
BRDA:60,4,0,3
BRDA:60,4,1,2
BRDA:71,5,0,1
BRDA:75,6,0,1
BRDA:75,6,1,0
BRDA:76,7,0,1
BRDA:76,7,1,0
BRDA:77,8,0,0
BRDA:77,8,1,1
BRDA:92,9,0,0
BRDA:92,9,1,7
BRDA:102,10,0,0
BRDA:102,10,1,7
BRF:22
BRH:16
end_of_record
TN:
SF:src/spec/normalized-spec.ts
FN:7,uniqueSorted
FN:11,createEmptyNormalizedSpec
FN:18,addOperation
FNF:3
FNH:3
FNDA:17,uniqueSorted
FNDA:15,createEmptyNormalizedSpec
FNDA:17,addOperation
DA:8,17
DA:12,15
DA:22,17
DA:23,17
DA:24,17
LF:5
LH:5
BRF:0
BRH:0
end_of_record
TN:
SF:src/spec/openapi-loader.ts
FN:11,loadOpenApiSpec
FNF:1
FNH:1
FNDA:2,loadOpenApiSpec
DA:12,2
DA:13,2
DA:15,2
DA:16,2
LF:4
LH:4
BRDA:15,0,0,1
BRDA:15,0,1,1
BRDA:15,1,0,2
BRDA:15,1,1,1
BRF:4
BRH:4
end_of_record
TN:
SF:src/spec/openapi-spec.ts
FN:14,asObject
FN:20,firstContentSchema
FN:39,buildResponses
FN:44,(anonymous_3)
FN:59,buildOperation
FN:90,buildOpenApiSpec
FNF:6
FNH:6
FNDA:227,asObject
FNDA:22,firstContentSchema
FNDA:15,buildResponses
FNDA:19,(anonymous_3)
FNDA:15,buildOperation
FNDA:14,buildOpenApiSpec
DA:12,7
DA:15,227
DA:23,22
DA:24,22
DA:25,14
DA:28,8
DA:29,8
DA:30,8
DA:31,8
DA:32,8
DA:36,0
DA:42,15
DA:43,15
DA:45,19
DA:46,19
DA:65,15
DA:66,15
DA:68,15
DA:91,14
DA:92,14
DA:93,14
DA:94,14
DA:96,14
DA:97,14
DA:98,14
DA:99,0
DA:102,14
DA:104,14
DA:105,98
DA:106,98
DA:107,83
DA:109,15
DA:113,14
LF:33
LH:31
BRDA:15,0,0,118
BRDA:15,0,1,109
BRDA:15,1,0,227
BRDA:15,1,1,227
BRDA:24,2,0,14
BRDA:24,2,1,8
BRDA:31,3,0,8
BRDA:31,3,1,0
BRDA:42,4,0,15
BRDA:42,4,1,0
BRDA:45,5,0,19
BRDA:45,5,1,0
BRDA:51,6,0,19
BRDA:51,6,1,0
BRDA:66,7,0,15
BRDA:66,7,1,11
BRDA:70,8,0,2
BRDA:70,8,1,13
BRDA:76,9,0,4
BRDA:76,9,1,11
BRDA:77,10,0,3
BRDA:77,10,1,12
BRDA:93,11,0,14
BRDA:93,11,1,0
BRDA:98,12,0,0
BRDA:98,12,1,14
BRDA:106,13,0,83
BRDA:106,13,1,15
BRF:28
BRH:22
end_of_record
TN:
SF:src/spec/repo-spec.ts
FN:14,buildRequestBody
FN:29,buildOperation
FN:38,(anonymous_2)
FN:51,buildRepoSpec
FN:54,(anonymous_4)
FNF:5
FNH:5
FNDA:2,buildRequestBody
FNDA:2,buildOperation
FNDA:8,(anonymous_2)
FNDA:1,buildRepoSpec
FNDA:1,(anonymous_4)
DA:12,3
DA:18,2
DA:19,1
DA:22,1
DA:23,2
DA:30,2
DA:38,8
DA:52,1
DA:53,1
DA:54,1
DA:57,1
DA:58,1
DA:59,2
DA:63,1
LF:14
LH:14
BRDA:18,0,0,1
BRDA:18,0,1,1
BRDA:47,1,0,2
BRDA:47,1,1,0
BRF:4
BRH:3
end_of_record
TN:
SF:src/spec/types.ts
FNF:0
FNH:0
LF:0
LH:0
BRF:0
BRH:0
end_of_record
TN:
SF:src/spec/validators.ts
FN:6,buildOperationKey
FN:10,getOperationSpec
FNF:2
FNH:1
FNDA:45,buildOperationKey
FNDA:0,getOperationSpec
DA:7,45
DA:15,0
LF:2
LH:1
BRF:0
BRH:0
end_of_record
TN:
SF:src/utils/jsonc.ts
FN:9,stripJsonComments
FN:13,parseJsoncObject
FNF:2
FNH:1
FNDA:0,stripJsonComments
FNDA:13,parseJsoncObject
DA:10,0
DA:14,13
LF:2
LH:1
BRF:0
BRH:0
end_of_record
TN:
SF:src/worker/action-recorder.ts
FN:64,summarizeAction
FN:75,describeQuery
FN:101,mapControlActionToReplayableKind
FN:105,mapActionMethodToKind
FN:121,normalizeActionValue
FN:151,sanitizeRecordedAction
FN:180,(anonymous_6)
FN:182,(anonymous_7)
FN:204,(anonymous_8)
FN:230,(anonymous_9)
FN:238,(anonymous_10)
FN:246,(anonymous_11)
FN:250,(anonymous_12)
FN:251,(anonymous_13)
FN:254,(anonymous_14)
FN:255,(anonymous_15)
FN:258,(anonymous_16)
FN:273,(anonymous_17)
FN:284,(anonymous_18)
FN:301,(anonymous_19)
FN:318,(anonymous_20)
FN:325,(anonymous_21)
FN:355,(anonymous_22)
FN:360,(anonymous_23)
FN:367,(anonymous_24)
FN:398,(anonymous_25)
FN:403,(anonymous_26)
FN:409,(anonymous_27)
FN:414,(anonymous_28)
FN:419,(anonymous_29)
FN:431,(anonymous_30)
FN:438,(anonymous_31)
FN:449,(anonymous_32)
FNF:33
FNH:30
FNDA:15,summarizeAction
FNDA:9,describeQuery
FNDA:0,mapControlActionToReplayableKind
FNDA:22,mapActionMethodToKind
FNDA:9,normalizeActionValue
FNDA:24,sanitizeRecordedAction
FNDA:16,(anonymous_6)
FNDA:11,(anonymous_7)
FNDA:1,(anonymous_8)
FNDA:1,(anonymous_9)
FNDA:3,(anonymous_10)
FNDA:20,(anonymous_11)
FNDA:4,(anonymous_12)
FNDA:3,(anonymous_13)
FNDA:4,(anonymous_14)
FNDA:3,(anonymous_15)
FNDA:0,(anonymous_16)
FNDA:24,(anonymous_17)
FNDA:24,(anonymous_18)
FNDA:9,(anonymous_19)
FNDA:44,(anonymous_20)
FNDA:3,(anonymous_21)
FNDA:1,(anonymous_22)
FNDA:77,(anonymous_23)
FNDA:7,(anonymous_24)
FNDA:0,(anonymous_25)
FNDA:88,(anonymous_26)
FNDA:8,(anonymous_27)
FNDA:2,(anonymous_28)
FNDA:9,(anonymous_29)
FNDA:9,(anonymous_30)
FNDA:1,(anonymous_31)
FNDA:8,(anonymous_32)
DA:26,8
DA:37,8
DA:47,8
DA:69,15
DA:70,0
DA:72,15
DA:76,9
DA:78,6
DA:80,3
DA:81,3
DA:82,3
DA:85,0
DA:87,0
DA:89,0
DA:91,0
DA:93,0
DA:95,0
DA:97,0
DA:102,0
DA:106,22
DA:110,13
DA:112,0
DA:115,0
DA:117,9
DA:122,9
DA:123,0
DA:125,9
DA:126,9
DA:128,0
DA:129,0
DA:131,0
DA:132,0
DA:137,0
DA:138,0
DA:140,0
DA:141,0
DA:143,0
DA:144,0
DA:146,0
DA:148,0
DA:157,24
DA:158,5
DA:161,19
DA:168,2
DA:171,17
DA:175,16
DA:176,16
DA:177,16
DA:178,16
DA:180,16
DA:183,11
DA:184,11
DA:185,0
DA:187,11
DA:189,11
DA:190,11
DA:191,11
DA:192,11
DA:194,11
DA:195,77
DA:198,11
DA:199,88
DA:202,11
DA:203,7
DA:204,7
DA:205,1
DA:206,1
DA:207,1
DA:208,1
DA:216,1
DA:218,0
DA:219,0
DA:227,0
DA:230,7
DA:231,1
DA:232,1
DA:239,3
DA:240,4
DA:241,4
DA:243,3
DA:247,20
DA:251,4
DA:255,4
DA:263,0
DA:264,0
DA:278,24
DA:285,24
DA:291,24
DA:297,24
DA:298,24
DA:305,9
DA:306,9
DA:307,0
DA:310,9
DA:311,9
DA:312,4
DA:315,5
DA:319,44
DA:320,44
DA:321,35
DA:324,9
DA:325,9
DA:326,3
DA:327,3
DA:328,3
DA:329,3
DA:330,3
DA:338,3
DA:340,0
DA:341,0
DA:352,0
DA:355,9
DA:356,1
DA:361,77
DA:362,77
DA:363,73
DA:366,4
DA:367,4
DA:368,7
DA:369,7
DA:370,7
DA:371,7
DA:372,7
DA:384,7
DA:386,0
DA:387,0
DA:395,0
DA:398,4
DA:399,0
DA:404,88
DA:405,72
DA:408,16
DA:409,16
DA:410,8
DA:411,8
DA:412,8
DA:414,16
DA:415,2
DA:420,9
DA:421,0
DA:424,9
DA:425,9
DA:426,9
DA:427,0
DA:430,9
DA:432,9
DA:433,9
DA:434,0
DA:437,9
DA:438,1
DA:439,1
DA:440,1
DA:441,1
DA:445,8
DA:446,0
DA:449,8
DA:450,8
DA:451,8
DA:452,8
DA:453,8
DA:454,7
DA:466,8
DA:468,0
DA:469,0
DA:477,0
DA:483,9
DA:484,9
LF:167
LH:122
BRDA:69,0,0,0
BRDA:69,0,1,15
BRDA:76,1,0,6
BRDA:76,1,1,3
BRDA:76,1,2,0
BRDA:76,1,3,0
BRDA:76,1,4,0
BRDA:76,1,5,0
BRDA:76,1,6,0
BRDA:76,1,7,0
BRDA:76,1,8,0
BRDA:78,2,0,6
BRDA:78,2,1,0
BRDA:80,3,0,3
BRDA:80,3,1,0
BRDA:82,4,0,3
BRDA:82,4,1,0
BRDA:85,5,0,0
BRDA:85,5,1,0
BRDA:87,6,0,0
BRDA:87,6,1,0
BRDA:89,7,0,0
BRDA:89,7,1,0
BRDA:91,8,0,0
BRDA:91,8,1,0
BRDA:93,9,0,0
BRDA:93,9,1,0
BRDA:95,10,0,0
BRDA:95,10,1,0
BRDA:97,11,0,0
BRDA:97,11,1,0
BRDA:106,12,0,12
BRDA:106,12,1,12
BRDA:106,12,2,13
BRDA:106,12,3,0
BRDA:106,12,4,0
BRDA:106,12,5,0
BRDA:106,12,6,9
BRDA:122,13,0,0
BRDA:122,13,1,9
BRDA:125,14,0,9
BRDA:125,14,1,0
BRDA:125,15,0,9
BRDA:125,15,1,0
BRDA:125,15,2,0
BRDA:128,16,0,0
BRDA:128,16,1,0
BRDA:131,17,0,0
BRDA:131,17,1,0
BRDA:137,18,0,0
BRDA:137,18,1,0
BRDA:140,19,0,0
BRDA:140,19,1,0
BRDA:143,20,0,0
BRDA:143,20,1,0
BRDA:157,21,0,5
BRDA:157,21,1,19
BRDA:161,22,0,2
BRDA:161,22,1,17
BRDA:162,23,0,19
BRDA:162,23,1,6
BRDA:162,23,2,6
BRDA:162,23,3,6
BRDA:162,23,4,6
BRDA:184,24,0,0
BRDA:184,24,1,11
BRDA:184,25,0,11
BRDA:184,25,1,11
BRDA:202,26,0,7
BRDA:202,26,1,4
BRDA:202,27,0,11
BRDA:202,27,1,7
BRDA:207,28,0,1
BRDA:207,28,1,0
BRDA:210,29,0,1
BRDA:210,29,1,0
BRDA:211,30,0,1
BRDA:211,30,1,0
BRDA:218,31,0,0
BRDA:218,31,1,0
BRDA:221,32,0,0
BRDA:221,32,1,0
BRDA:222,33,0,0
BRDA:222,33,1,0
BRDA:231,34,0,1
BRDA:231,34,1,0
BRDA:250,35,0,4
BRDA:254,36,0,4
BRDA:280,37,0,24
BRDA:280,37,1,3
BRDA:306,38,0,0
BRDA:306,38,1,9
BRDA:311,39,0,4
BRDA:311,39,1,5
BRDA:320,40,0,35
BRDA:320,40,1,9
BRDA:328,41,0,3
BRDA:328,41,1,0
BRDA:328,42,0,3
BRDA:328,42,1,0
BRDA:329,43,0,3
BRDA:329,43,1,0
BRDA:333,44,0,3
BRDA:333,44,1,0
BRDA:340,45,0,0
BRDA:340,45,1,0
BRDA:343,46,0,0
BRDA:343,46,1,0
BRDA:343,47,0,0
BRDA:343,47,1,0
BRDA:345,48,0,0
BRDA:345,48,1,0
BRDA:346,49,0,0
BRDA:346,49,1,0
BRDA:362,50,0,73
BRDA:362,50,1,4
BRDA:368,51,0,7
BRDA:368,51,1,0
BRDA:371,52,0,7
BRDA:371,52,1,0
BRDA:375,53,0,4
BRDA:375,53,1,3
BRDA:375,54,0,7
BRDA:375,54,1,3
BRDA:375,54,2,3
BRDA:378,55,0,0
BRDA:378,55,1,7
BRDA:378,56,0,0
BRDA:378,56,1,0
BRDA:386,57,0,0
BRDA:386,57,1,0
BRDA:404,58,0,72
BRDA:404,58,1,16
BRDA:404,59,0,88
BRDA:404,59,1,88
BRDA:420,60,0,0
BRDA:420,60,1,9
BRDA:420,61,0,9
BRDA:420,61,1,9
BRDA:426,62,0,0
BRDA:426,62,1,9
BRDA:433,63,0,0
BRDA:433,63,1,9
BRDA:433,64,0,9
BRDA:433,64,1,9
BRDA:437,65,0,1
BRDA:437,65,1,8
BRDA:445,66,0,0
BRDA:445,66,1,8
BRDA:453,67,0,7
BRDA:453,67,1,1
BRDA:457,68,0,5
BRDA:457,68,1,2
BRDA:457,69,0,7
BRDA:457,69,1,3
BRDA:457,69,2,3
BRDA:460,70,0,0
BRDA:460,70,1,7
BRDA:460,71,0,0
BRDA:460,71,1,0
BRDA:468,72,0,0
BRDA:468,72,1,0
BRF:162
BRH:78
end_of_record
TN:
SF:src/worker/input-recording-policy.ts
FN:12,getPolicyStore
FN:33,setInputRecordingPolicy
FN:46,getInputRecordingPolicy
FNF:3
FNH:3
FNDA:16,getPolicyStore
FNDA:7,setInputRecordingPolicy
FNDA:9,getInputRecordingPolicy
DA:6,8
DA:16,16
DA:17,0
DA:20,16
DA:21,16
DA:22,5
DA:30,16
DA:38,7
DA:39,7
DA:40,0
DA:43,7
DA:50,9
DA:51,9
DA:52,0
DA:55,9
LF:15
LH:12
BRDA:16,0,0,0
BRDA:16,0,1,16
BRDA:21,1,0,5
BRDA:21,1,1,11
BRDA:21,2,0,16
BRDA:21,2,1,8
BRDA:39,3,0,0
BRDA:39,3,1,7
BRDA:51,4,0,0
BRDA:51,4,1,9
BRF:10
BRH:7
end_of_record
TN:
SF:src/worker/page-stability.ts
FN:9,buildStabilityChecker
FN:46,waitForPageStable
FN:53,(anonymous_2)
FN:53,(anonymous_3)
FNF:4
FNH:1
FNDA:3,buildStabilityChecker
FNDA:0,waitForPageStable
FNDA:0,(anonymous_2)
FNDA:0,(anonymous_3)
DA:10,3
DA:50,0
DA:51,0
DA:53,0
DA:55,0
DA:57,0
LF:6
LH:1
BRDA:9,0,0,3
BRDA:48,1,0,0
BRDA:55,2,0,0
BRDA:55,2,1,0
BRF:4
BRH:1
end_of_record
TN:
SF:src/worker/prompts.ts
FN:27,formatObservedApiEndpoint
FN:40,buildAppContextSection
FN:62,buildRepoHintsSection
FN:92,(anonymous_3)
FN:125,buildMissionSection
FN:147,buildContractSummarySection
FN:152,(anonymous_6)
FN:156,buildObservedApiSection
FN:161,(anonymous_8)
FN:165,buildHistoricalContextSection
FN:198,(anonymous_10)
FN:205,sanitizeVisionContext
FN:209,buildVisionContextSection
FN:220,buildAdversarialSection
FN:243,(anonymous_14)
FN:245,(anonymous_15)
FN:254,buildAgentRoleSection
FN:268,getAgentRoleGuidance
FN:313,buildWorkerSystemPrompt
FN:377,getPageTypeGuidance
FNF:20
FNH:20
FNDA:2,formatObservedApiEndpoint
FNDA:22,buildAppContextSection
FNDA:22,buildRepoHintsSection
FNDA:1,(anonymous_3)
FNDA:22,buildMissionSection
FNDA:22,buildContractSummarySection
FNDA:1,(anonymous_6)
FNDA:22,buildObservedApiSection
FNDA:1,(anonymous_8)
FNDA:22,buildHistoricalContextSection
FNDA:1,(anonymous_10)
FNDA:2,sanitizeVisionContext
FNDA:22,buildVisionContextSection
FNDA:22,buildAdversarialSection
FNDA:3,(anonymous_14)
FNDA:3,(anonymous_15)
FNDA:26,buildAgentRoleSection
FNDA:8,getAgentRoleGuidance
FNDA:22,buildWorkerSystemPrompt
FNDA:8,getPageTypeGuidance
DA:29,2
DA:31,2
DA:33,2
DA:41,22
DA:42,2
DA:44,2
DA:45,1
DA:46,1
DA:49,2
DA:50,1
DA:51,1
DA:54,2
DA:55,1
DA:56,1
DA:59,2
DA:63,22
DA:65,1
DA:67,1
DA:68,1
DA:69,1
DA:74,1
DA:75,1
DA:76,1
DA:81,1
DA:82,1
DA:87,1
DA:88,1
DA:89,1
DA:93,1
DA:102,1
DA:110,1
DA:111,1
DA:116,1
DA:117,1
DA:122,1
DA:126,22
DA:128,4
DA:130,4
DA:131,1
DA:132,1
DA:133,2
DA:137,4
DA:138,4
DA:139,4
DA:144,4
DA:148,22
DA:150,1
DA:152,1
DA:157,22
DA:159,1
DA:161,1
DA:166,22
DA:168,1
DA:170,1
DA:171,1
DA:172,1
DA:179,1
DA:180,1
DA:181,1
DA:184,1
DA:185,1
DA:186,1
DA:189,1
DA:190,1
DA:191,1
DA:194,1
DA:195,1
DA:196,1
DA:197,1
DA:198,1
DA:202,1
DA:206,2
DA:210,22
DA:212,2
DA:214,2
DA:225,22
DA:226,21
DA:229,1
DA:233,22
DA:237,22
DA:243,3
DA:245,3
DA:251,22
DA:255,26
DA:257,8
DA:258,8
DA:259,8
DA:261,8
DA:262,2
DA:265,8
DA:269,8
DA:271,3
DA:279,2
DA:287,1
DA:296,1
DA:304,1
DA:330,22
DA:333,22
DA:337,22
DA:378,8
DA:380,1
DA:388,3
DA:397,0
DA:405,1
DA:413,3
DA:421,0
DA:429,0
DA:437,0
DA:444,0
DA:451,0
LF:110
LH:104
BRDA:29,0,0,2
BRDA:29,0,1,0
BRDA:31,1,0,2
BRDA:31,1,1,0
BRDA:33,2,0,2
BRDA:33,2,1,0
BRDA:34,3,0,2
BRDA:34,3,1,0
BRDA:41,4,0,20
BRDA:41,4,1,2
BRDA:44,5,0,1
BRDA:44,5,1,1
BRDA:49,6,0,1
BRDA:49,6,1,1
BRDA:54,7,0,1
BRDA:54,7,1,1
BRDA:59,8,0,2
BRDA:59,8,1,0
BRDA:63,9,0,21
BRDA:63,9,1,1
BRDA:67,10,0,1
BRDA:67,10,1,0
BRDA:74,11,0,1
BRDA:74,11,1,0
BRDA:74,12,0,1
BRDA:74,12,1,0
BRDA:75,13,0,0
BRDA:75,13,1,1
BRDA:81,14,0,1
BRDA:81,14,1,0
BRDA:87,15,0,1
BRDA:87,15,1,0
BRDA:87,16,0,1
BRDA:87,16,1,0
BRDA:88,17,0,0
BRDA:88,17,1,1
BRDA:94,18,0,1
BRDA:94,18,1,0
BRDA:97,19,0,1
BRDA:97,19,1,0
BRDA:98,20,0,1
BRDA:98,20,1,0
BRDA:98,21,0,1
BRDA:98,21,1,0
BRDA:102,22,0,1
BRDA:102,22,1,0
BRDA:103,23,0,1
BRDA:103,23,1,0
BRDA:110,24,0,1
BRDA:110,24,1,0
BRDA:116,25,0,1
BRDA:116,25,1,0
BRDA:122,26,0,1
BRDA:122,26,1,0
BRDA:126,27,0,18
BRDA:126,27,1,4
BRDA:130,28,0,1
BRDA:130,28,1,3
BRDA:137,29,0,4
BRDA:137,29,1,0
BRDA:144,30,0,4
BRDA:144,30,1,0
BRDA:148,31,0,21
BRDA:148,31,1,1
BRDA:157,32,0,21
BRDA:157,32,1,1
BRDA:166,33,0,21
BRDA:166,33,1,1
BRDA:170,34,0,1
BRDA:170,34,1,0
BRDA:179,35,0,1
BRDA:179,35,1,0
BRDA:180,36,0,0
BRDA:180,36,1,1
BRDA:184,37,0,1
BRDA:184,37,1,0
BRDA:185,38,0,0
BRDA:185,38,1,1
BRDA:189,39,0,1
BRDA:189,39,1,0
BRDA:190,40,0,0
BRDA:190,40,1,1
BRDA:194,41,0,1
BRDA:194,41,1,0
BRDA:195,42,0,0
BRDA:195,42,1,1
BRDA:202,43,0,1
BRDA:202,43,1,0
BRDA:210,44,0,20
BRDA:210,44,1,2
BRDA:225,45,0,21
BRDA:225,45,1,1
BRDA:225,46,0,22
BRDA:225,46,1,2
BRDA:231,47,0,1
BRDA:231,47,1,0
BRDA:239,48,0,1
BRDA:239,48,1,0
BRDA:246,49,0,1
BRDA:246,49,1,0
BRDA:255,50,0,18
BRDA:255,50,1,8
BRDA:261,51,0,2
BRDA:261,51,1,6
BRDA:269,52,0,3
BRDA:269,52,1,2
BRDA:269,52,2,1
BRDA:269,52,3,1
BRDA:269,52,4,1
BRDA:330,53,0,0
BRDA:330,53,1,22
BRDA:333,54,0,8
BRDA:333,54,1,14
BRDA:333,55,0,22
BRDA:333,55,1,8
BRDA:378,56,0,1
BRDA:378,56,1,3
BRDA:378,56,2,0
BRDA:378,56,3,1
BRDA:378,56,4,3
BRDA:378,56,5,0
BRDA:378,56,6,0
BRDA:378,56,7,0
BRDA:378,56,8,0
BRDA:378,56,9,0
BRF:125
BRH:81
end_of_record
TN:
SF:src/worker/stagnation.ts
FN:13,(anonymous_0)
FN:15,(anonymous_1)
FN:25,(anonymous_2)
FN:29,(anonymous_3)
FNF:4
FNH:4
FNDA:6,(anonymous_0)
FNDA:12,(anonymous_1)
FNDA:6,(anonymous_2)
FNDA:1,(anonymous_3)
DA:11,6
DA:13,6
DA:16,12
DA:18,12
DA:19,3
DA:21,9
DA:26,6
DA:30,1
LF:8
LH:8
BRDA:16,0,0,12
BRDA:16,0,1,11
BRDA:16,0,2,10
BRDA:18,1,0,3
BRDA:18,1,1,9
BRF:5
BRH:5
end_of_record
TN:
SF:src/worker/tools.ts
FN:93,createWorkerTools
FN:110,(anonymous_1)
FN:122,(anonymous_2)
FN:138,(anonymous_3)
FN:157,(anonymous_4)
FN:213,(anonymous_5)
FN:235,(anonymous_6)
FN:252,(anonymous_7)
FN:298,(anonymous_8)
FNF:9
FNH:6
FNDA:7,createWorkerTools
FNDA:2,(anonymous_1)
FNDA:3,(anonymous_2)
FNDA:1,(anonymous_3)
FNDA:2,(anonymous_4)
FNDA:0,(anonymous_5)
FNDA:0,(anonymous_6)
FNDA:0,(anonymous_7)
FNDA:1,(anonymous_8)
DA:17,4
DA:25,4
DA:27,4
DA:48,4
DA:53,4
DA:59,4
DA:65,4
DA:74,4
DA:106,7
DA:107,7
DA:108,7
DA:110,7
DA:111,2
DA:112,2
DA:113,0
DA:117,7
DA:123,3
DA:124,3
DA:125,3
DA:136,3
DA:137,1
DA:138,1
DA:139,1
DA:140,1
DA:144,3
DA:145,3
DA:158,2
DA:159,0
DA:162,2
DA:163,2
DA:169,0
DA:170,0
DA:172,2
DA:173,2
DA:174,2
DA:175,2
DA:176,2
DA:178,0
DA:180,0
DA:187,2
DA:188,2
DA:197,2
DA:198,2
DA:199,2
DA:206,2
DA:214,0
DA:220,0
DA:221,0
DA:222,0
DA:223,0
DA:224,0
DA:236,0
DA:241,0
DA:253,0
DA:275,0
DA:276,0
DA:284,0
DA:285,0
DA:299,1
DA:305,1
LF:60
LH:41
BRDA:101,0,0,7
BRDA:102,1,0,7
BRDA:103,2,0,7
BRDA:104,3,0,7
BRDA:112,4,0,0
BRDA:112,4,1,2
BRDA:123,5,0,3
BRDA:123,5,1,2
BRDA:130,6,0,3
BRDA:130,6,1,1
BRDA:131,7,0,3
BRDA:131,7,1,0
BRDA:132,8,0,3
BRDA:132,8,1,0
BRDA:136,9,0,1
BRDA:136,9,1,2
BRDA:139,10,0,1
BRDA:139,10,1,0
BRDA:158,11,0,0
BRDA:158,11,1,2
BRDA:169,12,0,0
BRDA:169,12,1,0
BRDA:178,13,0,0
BRDA:178,13,1,0
BRDA:191,14,0,2
BRDA:191,14,1,0
BRDA:292,15,0,2
BRDA:292,15,1,5
BRDA:301,16,0,1
BRDA:301,16,1,0
BRDA:303,17,0,1
BRDA:303,17,1,0
BRF:32
BRH:20
end_of_record
TN:
SF:src/worker/worker.ts
FN:44,initWorker
FN:142,materializeObservedFindings
FN:155,(anonymous_2)
FN:162,exploreArea
FN:274,executeWorkerTask
FNF:5
FNH:4
FNDA:2,initWorker
FNDA:2,materializeObservedFindings
FNDA:1,(anonymous_2)
FNDA:0,exploreArea
FNDA:2,executeWorkerTask
DA:70,2
DA:71,2
DA:72,2
DA:73,2
DA:74,2
DA:75,2
DA:76,2
DA:77,2
DA:78,2
DA:81,2
DA:83,2
DA:105,2
DA:107,2
DA:123,2
DA:130,2
DA:149,2
DA:156,1
DA:181,0
DA:182,0
DA:184,0
DA:185,0
DA:191,0
DA:211,0
DA:212,0
DA:218,0
DA:220,0
DA:240,0
DA:242,0
DA:243,0
DA:244,0
DA:255,0
DA:270,0
DA:300,2
DA:323,2
DA:324,2
DA:332,2
DA:350,0
DA:351,0
DA:352,0
DA:363,0
DA:375,2
LF:41
LH:22
BRDA:81,0,0,0
BRDA:81,0,1,2
BRDA:98,1,0,0
BRDA:98,1,1,2
BRDA:155,2,0,1
BRDA:155,2,1,1
BRDA:155,3,0,2
BRDA:155,3,1,2
BRDA:155,3,2,2
BRDA:169,4,0,0
BRDA:170,5,0,0
BRDA:171,6,0,0
BRDA:218,7,0,0
BRDA:218,7,1,0
BRDA:218,8,0,0
BRDA:218,8,1,0
BRDA:240,9,0,0
BRDA:240,9,1,0
BRDA:279,10,0,2
BRDA:280,11,0,2
BRDA:281,12,0,2
BRDA:303,13,0,2
BRDA:303,13,1,0
BRDA:326,14,0,0
BRDA:326,14,1,2
BRDA:372,15,0,0
BRDA:372,15,1,0
BRF:27
BRH:12
end_of_record
